#
# There is insufficient memory for the Java Runtime Environment to continue.
# Native memory allocation (malloc) failed to allocate 45376 bytes for Chunk::new
# Possible reasons:
#   The system is out of physical RAM or swap space
#   The process is running with CompressedOops enabled, and the Java Heap may be blocking the growth of the native heap
# Possible solutions:
#   Reduce memory load on the system
#   Increase physical memory or swap space
#   Check if swap backing store is full
#   Decrease Java heap size (-Xmx/-Xms)
#   Decrease number of Java threads
#   Decrease Java thread stack sizes (-Xss)
#   Set larger code cache with -XX:ReservedCodeCacheSize=
#   JVM is running with Zero Based Compressed Oops mode in which the Java heap is
#     placed in the first 32GB address space. The Java Heap base address is the
#     maximum limit for the native heap growth. Please use -XX:HeapBaseMinAddress
#     to set the Java Heap base and to place the Java Heap above 32GB virtual address.
# This output file may be truncated or incomplete.
#
#  Out of Memory Error (arena.cpp:189), pid=18632, tid=19668
#
# JRE version: Java(TM) SE Runtime Environment (17.0.2+8) (build 17.0.2+8-LTS-86)
# Java VM: Java HotSpot(TM) 64-Bit Server VM (17.0.2+8-LTS-86, mixed mode, sharing, tiered, compressed oops, compressed class ptrs, g1 gc, windows-amd64)
# No core dump will be written. Minidumps are not enabled by default on client versions of Windows
#

---------------  S U M M A R Y ------------

Command Line: GUItester

Host: Intel(R) Core(TM) i7-8750H CPU @ 2.20GHz, 12 cores, 15G,  Windows 11 , 64 bit Build 22000 (10.0.22000.434)
Time: Sun Feb 27 23:21:14 2022 Central Standard Time elapsed time: 104.629760 seconds (0d 0h 1m 44s)

---------------  T H R E A D  ---------------

Current thread (0x0000029b7fbbd520):  JavaThread "C2 CompilerThread0" daemon [_thread_in_native, id=19668, stack(0x000000cb95b00000,0x000000cb95c00000)]


Current CompileTask:
C2: 104629 1437       4       java.util.concurrent.ConcurrentHashMap::get (162 bytes)

Stack: [0x000000cb95b00000,0x000000cb95c00000]
Native frames: (J=compiled Java code, j=interpreted, Vv=VM code, C=native code)
V  [jvm.dll+0x670baa]
V  [jvm.dll+0x7cfcb4]
V  [jvm.dll+0x7d145e]
V  [jvm.dll+0x7d1ac3]
V  [jvm.dll+0x242bc5]
V  [jvm.dll+0xaa57b]
V  [jvm.dll+0xaab0c]
V  [jvm.dll+0x2a991f]
V  [jvm.dll+0x5792d9]
V  [jvm.dll+0x21de3d]
V  [jvm.dll+0x217679]
V  [jvm.dll+0x214fab]
V  [jvm.dll+0x1a1bbd]
V  [jvm.dll+0x224908]
V  [jvm.dll+0x222a6c]
V  [jvm.dll+0x7859bb]
V  [jvm.dll+0x77ff7a]
V  [jvm.dll+0x66fa35]
C  [ucrtbase.dll+0x26c0c]
C  [KERNEL32.DLL+0x154e0]
C  [ntdll.dll+0x485b]


---------------  P R O C E S S  ---------------

Threads class SMR info:
_java_thread_list=0x0000029b1c2bf780, length=17, elements={
0x0000029b7fb9f180, 0x0000029b7fb9fff0, 0x0000029b7fbb8a60, 0x0000029b7fbba420,
0x0000029b7fbbbde0, 0x0000029b7fbbc790, 0x0000029b7fbbd520, 0x0000029b7fbc94d0,
0x0000029b7fbccdf0, 0x0000029b1990e4e0, 0x0000029b199185e0, 0x0000029b19b3eae0,
0x0000029b19b41a70, 0x0000029b19b44d50, 0x0000029b19bd6460, 0x0000029b73a0d250,
0x0000029b1bef9180
}

Java Threads: ( => current thread )
  0x0000029b7fb9f180 JavaThread "Reference Handler" daemon [_thread_blocked, id=26892, stack(0x000000cb95500000,0x000000cb95600000)]
  0x0000029b7fb9fff0 JavaThread "Finalizer" daemon [_thread_blocked, id=21336, stack(0x000000cb95600000,0x000000cb95700000)]
  0x0000029b7fbb8a60 JavaThread "Signal Dispatcher" daemon [_thread_blocked, id=29196, stack(0x000000cb95700000,0x000000cb95800000)]
  0x0000029b7fbba420 JavaThread "Attach Listener" daemon [_thread_blocked, id=27504, stack(0x000000cb95800000,0x000000cb95900000)]
  0x0000029b7fbbbde0 JavaThread "Service Thread" daemon [_thread_blocked, id=6420, stack(0x000000cb95900000,0x000000cb95a00000)]
  0x0000029b7fbbc790 JavaThread "Monitor Deflation Thread" daemon [_thread_blocked, id=7520, stack(0x000000cb95a00000,0x000000cb95b00000)]
=>0x0000029b7fbbd520 JavaThread "C2 CompilerThread0" daemon [_thread_in_native, id=19668, stack(0x000000cb95b00000,0x000000cb95c00000)]
  0x0000029b7fbc94d0 JavaThread "C1 CompilerThread0" daemon [_thread_blocked, id=12860, stack(0x000000cb95c00000,0x000000cb95d00000)]
  0x0000029b7fbccdf0 JavaThread "Sweeper thread" daemon [_thread_blocked, id=12016, stack(0x000000cb95d00000,0x000000cb95e00000)]
  0x0000029b1990e4e0 JavaThread "Notification Thread" daemon [_thread_blocked, id=7736, stack(0x000000cb95e00000,0x000000cb95f00000)]
  0x0000029b199185e0 JavaThread "Common-Cleaner" daemon [_thread_blocked, id=15912, stack(0x000000cb96000000,0x000000cb96100000)]
  0x0000029b19b3eae0 JavaThread "Java2D Disposer" daemon [_thread_blocked, id=20196, stack(0x000000cb96100000,0x000000cb96200000)]
  0x0000029b19b41a70 JavaThread "AWT-Shutdown" [_thread_blocked, id=11744, stack(0x000000cb96200000,0x000000cb96300000)]
  0x0000029b19b44d50 JavaThread "AWT-Windows" daemon [_thread_in_native, id=3572, stack(0x000000cb96300000,0x000000cb96400000)]
  0x0000029b19bd6460 JavaThread "AWT-EventQueue-0" [_thread_blocked, id=24340, stack(0x000000cb96400000,0x000000cb96500000)]
  0x0000029b73a0d250 JavaThread "DestroyJavaVM" [_thread_blocked, id=16436, stack(0x000000cb94e00000,0x000000cb94f00000)]
  0x0000029b1bef9180 JavaThread "TimerQueue" daemon [_thread_blocked, id=13828, stack(0x000000cb96500000,0x000000cb96600000)]

Other Threads:
  0x0000029b7fb99580 VMThread "VM Thread" [stack: 0x000000cb95400000,0x000000cb95500000] [id=3244]
  0x0000029b73a759d0 WatcherThread [stack: 0x000000cb95f00000,0x000000cb96000000] [id=12140]
  0x0000029b73a5ec10 GCTaskThread "GC Thread#0" [stack: 0x000000cb94f00000,0x000000cb95000000] [id=13140]
  0x0000029b73a6f720 ConcurrentGCThread "G1 Main Marker" [stack: 0x000000cb95000000,0x000000cb95100000] [id=22136]
  0x0000029b73a70130 ConcurrentGCThread "G1 Conc#0" [stack: 0x000000cb95100000,0x000000cb95200000] [id=18872]
  0x0000029b73aed880 ConcurrentGCThread "G1 Refine#0" [stack: 0x000000cb95200000,0x000000cb95300000] [id=4560]
  0x0000029b73aee2a0 ConcurrentGCThread "G1 Service" [stack: 0x000000cb95300000,0x000000cb95400000] [id=23824]

Threads with active compile tasks:
C2 CompilerThread0   104658 1437       4       java.util.concurrent.ConcurrentHashMap::get (162 bytes)

VM state: not at safepoint (normal execution)

VM Mutex/Monitor currently owned by a thread: None

Heap address: 0x0000000704200000, size: 4030 MB, Compressed Oops mode: Zero based, Oop shift amount: 3

CDS archive(s) mapped at: [0x0000000800000000-0x0000000800bc0000-0x0000000800bc0000), size 12320768, SharedBaseAddress: 0x0000000800000000, ArchiveRelocationMode: 0.
Compressed class space mapped at: 0x0000000800c00000-0x0000000840c00000, reserved size: 1073741824
Narrow klass base: 0x0000000800000000, Narrow klass shift: 0, Narrow klass range: 0x100000000

GC Precious Log:
 CPUs: 12 total, 12 available
 Memory: 16118M
 Large Page Support: Disabled
 NUMA Support: Disabled
 Compressed Oops: Enabled (Zero based)
 Heap Region Size: 2M
 Heap Min Capacity: 8M
 Heap Initial Capacity: 252M
 Heap Max Capacity: 4030M
 Pre-touch: Disabled
 Parallel Workers: 10
 Concurrent Workers: 3
 Concurrent Refinement Workers: 10
 Periodic GC: Disabled

Heap:
 garbage-first heap   total 258048K, used 47104K [0x0000000704200000, 0x0000000800000000)
  region size 2048K, 9 young (18432K), 0 survivors (0K)
 Metaspace       used 8939K, committed 9088K, reserved 1056768K
  class space    used 959K, committed 1024K, reserved 1048576K

Heap Regions: E=young(eden), S=young(survivor), O=old, HS=humongous(starts), HC=humongous(continues), CS=collection set, F=free, OA=open archive, CA=closed archive, TAMS=top-at-mark-start (previous, next)
|   0|0x0000000704200000, 0x0000000704400000, 0x0000000704400000|100%|HS|  |TAMS 0x0000000704200000, 0x0000000704200000| Complete 
|   1|0x0000000704400000, 0x0000000704600000, 0x0000000704600000|100%|HC|  |TAMS 0x0000000704400000, 0x0000000704400000| Complete 
|   2|0x0000000704600000, 0x0000000704800000, 0x0000000704800000|100%|HC|  |TAMS 0x0000000704600000, 0x0000000704600000| Complete 
|   3|0x0000000704800000, 0x0000000704a00000, 0x0000000704a00000|100%|HC|  |TAMS 0x0000000704800000, 0x0000000704800000| Complete 
|   4|0x0000000704a00000, 0x0000000704c00000, 0x0000000704c00000|100%|HC|  |TAMS 0x0000000704a00000, 0x0000000704a00000| Complete 
|   5|0x0000000704c00000, 0x0000000704e00000, 0x0000000704e00000|100%|HC|  |TAMS 0x0000000704c00000, 0x0000000704c00000| Complete 
|   6|0x0000000704e00000, 0x0000000705000000, 0x0000000705000000|100%|HC|  |TAMS 0x0000000704e00000, 0x0000000704e00000| Complete 
|   7|0x0000000705000000, 0x0000000705200000, 0x0000000705200000|100%|HC|  |TAMS 0x0000000705000000, 0x0000000705000000| Complete 
|   8|0x0000000705200000, 0x0000000705400000, 0x0000000705400000|100%|HC|  |TAMS 0x0000000705200000, 0x0000000705200000| Complete 
|   9|0x0000000705400000, 0x0000000705600000, 0x0000000705600000|100%|HC|  |TAMS 0x0000000705400000, 0x0000000705400000| Complete 
|  10|0x0000000705600000, 0x0000000705800000, 0x0000000705800000|100%|HC|  |TAMS 0x0000000705600000, 0x0000000705600000| Complete 
|  11|0x0000000705800000, 0x0000000705a00000, 0x0000000705a00000|100%|HC|  |TAMS 0x0000000705800000, 0x0000000705800000| Complete 
|  12|0x0000000705a00000, 0x0000000705c00000, 0x0000000705c00000|100%|HC|  |TAMS 0x0000000705a00000, 0x0000000705a00000| Complete 
|  13|0x0000000705c00000, 0x0000000705e00000, 0x0000000705e00000|100%|HC|  |TAMS 0x0000000705c00000, 0x0000000705c00000| Complete 
|  14|0x0000000705e00000, 0x0000000706000000, 0x0000000706000000|100%|HC|  |TAMS 0x0000000705e00000, 0x0000000705e00000| Complete 
|  15|0x0000000706000000, 0x0000000706000000, 0x0000000706200000|  0%| F|  |TAMS 0x0000000706000000, 0x0000000706000000| Untracked 
|  16|0x0000000706200000, 0x0000000706200000, 0x0000000706400000|  0%| F|  |TAMS 0x0000000706200000, 0x0000000706200000| Untracked 
|  17|0x0000000706400000, 0x0000000706400000, 0x0000000706600000|  0%| F|  |TAMS 0x0000000706400000, 0x0000000706400000| Untracked 
|  18|0x0000000706600000, 0x0000000706600000, 0x0000000706800000|  0%| F|  |TAMS 0x0000000706600000, 0x0000000706600000| Untracked 
|  19|0x0000000706800000, 0x0000000706800000, 0x0000000706a00000|  0%| F|  |TAMS 0x0000000706800000, 0x0000000706800000| Untracked 
|  20|0x0000000706a00000, 0x0000000706a00000, 0x0000000706c00000|  0%| F|  |TAMS 0x0000000706a00000, 0x0000000706a00000| Untracked 
|  21|0x0000000706c00000, 0x0000000706c00000, 0x0000000706e00000|  0%| F|  |TAMS 0x0000000706c00000, 0x0000000706c00000| Untracked 
|  22|0x0000000706e00000, 0x0000000706e00000, 0x0000000707000000|  0%| F|  |TAMS 0x0000000706e00000, 0x0000000706e00000| Untracked 
|  23|0x0000000707000000, 0x0000000707000000, 0x0000000707200000|  0%| F|  |TAMS 0x0000000707000000, 0x0000000707000000| Untracked 
|  24|0x0000000707200000, 0x0000000707200000, 0x0000000707400000|  0%| F|  |TAMS 0x0000000707200000, 0x0000000707200000| Untracked 
|  25|0x0000000707400000, 0x0000000707400000, 0x0000000707600000|  0%| F|  |TAMS 0x0000000707400000, 0x0000000707400000| Untracked 
|  26|0x0000000707600000, 0x0000000707600000, 0x0000000707800000|  0%| F|  |TAMS 0x0000000707600000, 0x0000000707600000| Untracked 
|  27|0x0000000707800000, 0x0000000707800000, 0x0000000707a00000|  0%| F|  |TAMS 0x0000000707800000, 0x0000000707800000| Untracked 
|  28|0x0000000707a00000, 0x0000000707a00000, 0x0000000707c00000|  0%| F|  |TAMS 0x0000000707a00000, 0x0000000707a00000| Untracked 
|  29|0x0000000707c00000, 0x0000000707c00000, 0x0000000707e00000|  0%| F|  |TAMS 0x0000000707c00000, 0x0000000707c00000| Untracked 
|  30|0x0000000707e00000, 0x0000000707e00000, 0x0000000708000000|  0%| F|  |TAMS 0x0000000707e00000, 0x0000000707e00000| Untracked 
|  31|0x0000000708000000, 0x0000000708000000, 0x0000000708200000|  0%| F|  |TAMS 0x0000000708000000, 0x0000000708000000| Untracked 
|  32|0x0000000708200000, 0x0000000708200000, 0x0000000708400000|  0%| F|  |TAMS 0x0000000708200000, 0x0000000708200000| Untracked 
|  33|0x0000000708400000, 0x0000000708400000, 0x0000000708600000|  0%| F|  |TAMS 0x0000000708400000, 0x0000000708400000| Untracked 
|  34|0x0000000708600000, 0x0000000708600000, 0x0000000708800000|  0%| F|  |TAMS 0x0000000708600000, 0x0000000708600000| Untracked 
|  35|0x0000000708800000, 0x0000000708800000, 0x0000000708a00000|  0%| F|  |TAMS 0x0000000708800000, 0x0000000708800000| Untracked 
|  36|0x0000000708a00000, 0x0000000708a00000, 0x0000000708c00000|  0%| F|  |TAMS 0x0000000708a00000, 0x0000000708a00000| Untracked 
|  37|0x0000000708c00000, 0x0000000708c00000, 0x0000000708e00000|  0%| F|  |TAMS 0x0000000708c00000, 0x0000000708c00000| Untracked 
|  38|0x0000000708e00000, 0x0000000708e00000, 0x0000000709000000|  0%| F|  |TAMS 0x0000000708e00000, 0x0000000708e00000| Untracked 
|  39|0x0000000709000000, 0x0000000709000000, 0x0000000709200000|  0%| F|  |TAMS 0x0000000709000000, 0x0000000709000000| Untracked 
|  40|0x0000000709200000, 0x0000000709200000, 0x0000000709400000|  0%| F|  |TAMS 0x0000000709200000, 0x0000000709200000| Untracked 
|  41|0x0000000709400000, 0x0000000709400000, 0x0000000709600000|  0%| F|  |TAMS 0x0000000709400000, 0x0000000709400000| Untracked 
|  42|0x0000000709600000, 0x0000000709600000, 0x0000000709800000|  0%| F|  |TAMS 0x0000000709600000, 0x0000000709600000| Untracked 
|  43|0x0000000709800000, 0x0000000709800000, 0x0000000709a00000|  0%| F|  |TAMS 0x0000000709800000, 0x0000000709800000| Untracked 
|  44|0x0000000709a00000, 0x0000000709a00000, 0x0000000709c00000|  0%| F|  |TAMS 0x0000000709a00000, 0x0000000709a00000| Untracked 
|  45|0x0000000709c00000, 0x0000000709c00000, 0x0000000709e00000|  0%| F|  |TAMS 0x0000000709c00000, 0x0000000709c00000| Untracked 
|  46|0x0000000709e00000, 0x0000000709e00000, 0x000000070a000000|  0%| F|  |TAMS 0x0000000709e00000, 0x0000000709e00000| Untracked 
|  47|0x000000070a000000, 0x000000070a000000, 0x000000070a200000|  0%| F|  |TAMS 0x000000070a000000, 0x000000070a000000| Untracked 
|  48|0x000000070a200000, 0x000000070a200000, 0x000000070a400000|  0%| F|  |TAMS 0x000000070a200000, 0x000000070a200000| Untracked 
|  49|0x000000070a400000, 0x000000070a400000, 0x000000070a600000|  0%| F|  |TAMS 0x000000070a400000, 0x000000070a400000| Untracked 
|  50|0x000000070a600000, 0x000000070a600000, 0x000000070a800000|  0%| F|  |TAMS 0x000000070a600000, 0x000000070a600000| Untracked 
|  51|0x000000070a800000, 0x000000070a800000, 0x000000070aa00000|  0%| F|  |TAMS 0x000000070a800000, 0x000000070a800000| Untracked 
|  52|0x000000070aa00000, 0x000000070aa00000, 0x000000070ac00000|  0%| F|  |TAMS 0x000000070aa00000, 0x000000070aa00000| Untracked 
|  53|0x000000070ac00000, 0x000000070ac00000, 0x000000070ae00000|  0%| F|  |TAMS 0x000000070ac00000, 0x000000070ac00000| Untracked 
|  54|0x000000070ae00000, 0x000000070ae00000, 0x000000070b000000|  0%| F|  |TAMS 0x000000070ae00000, 0x000000070ae00000| Untracked 
|  55|0x000000070b000000, 0x000000070b000000, 0x000000070b200000|  0%| F|  |TAMS 0x000000070b000000, 0x000000070b000000| Untracked 
|  56|0x000000070b200000, 0x000000070b200000, 0x000000070b400000|  0%| F|  |TAMS 0x000000070b200000, 0x000000070b200000| Untracked 
|  57|0x000000070b400000, 0x000000070b400000, 0x000000070b600000|  0%| F|  |TAMS 0x000000070b400000, 0x000000070b400000| Untracked 
|  58|0x000000070b600000, 0x000000070b600000, 0x000000070b800000|  0%| F|  |TAMS 0x000000070b600000, 0x000000070b600000| Untracked 
|  59|0x000000070b800000, 0x000000070b800000, 0x000000070ba00000|  0%| F|  |TAMS 0x000000070b800000, 0x000000070b800000| Untracked 
|  60|0x000000070ba00000, 0x000000070ba00000, 0x000000070bc00000|  0%| F|  |TAMS 0x000000070ba00000, 0x000000070ba00000| Untracked 
|  61|0x000000070bc00000, 0x000000070bc00000, 0x000000070be00000|  0%| F|  |TAMS 0x000000070bc00000, 0x000000070bc00000| Untracked 
|  62|0x000000070be00000, 0x000000070be00000, 0x000000070c000000|  0%| F|  |TAMS 0x000000070be00000, 0x000000070be00000| Untracked 
|  63|0x000000070c000000, 0x000000070c000000, 0x000000070c200000|  0%| F|  |TAMS 0x000000070c000000, 0x000000070c000000| Untracked 
|  64|0x000000070c200000, 0x000000070c200000, 0x000000070c400000|  0%| F|  |TAMS 0x000000070c200000, 0x000000070c200000| Untracked 
|  65|0x000000070c400000, 0x000000070c400000, 0x000000070c600000|  0%| F|  |TAMS 0x000000070c400000, 0x000000070c400000| Untracked 
|  66|0x000000070c600000, 0x000000070c600000, 0x000000070c800000|  0%| F|  |TAMS 0x000000070c600000, 0x000000070c600000| Untracked 
|  67|0x000000070c800000, 0x000000070c800000, 0x000000070ca00000|  0%| F|  |TAMS 0x000000070c800000, 0x000000070c800000| Untracked 
|  68|0x000000070ca00000, 0x000000070ca00000, 0x000000070cc00000|  0%| F|  |TAMS 0x000000070ca00000, 0x000000070ca00000| Untracked 
|  69|0x000000070cc00000, 0x000000070cc00000, 0x000000070ce00000|  0%| F|  |TAMS 0x000000070cc00000, 0x000000070cc00000| Untracked 
|  70|0x000000070ce00000, 0x000000070ce00000, 0x000000070d000000|  0%| F|  |TAMS 0x000000070ce00000, 0x000000070ce00000| Untracked 
|  71|0x000000070d000000, 0x000000070d000000, 0x000000070d200000|  0%| F|  |TAMS 0x000000070d000000, 0x000000070d000000| Untracked 
|  72|0x000000070d200000, 0x000000070d200000, 0x000000070d400000|  0%| F|  |TAMS 0x000000070d200000, 0x000000070d200000| Untracked 
|  73|0x000000070d400000, 0x000000070d400000, 0x000000070d600000|  0%| F|  |TAMS 0x000000070d400000, 0x000000070d400000| Untracked 
|  74|0x000000070d600000, 0x000000070d600000, 0x000000070d800000|  0%| F|  |TAMS 0x000000070d600000, 0x000000070d600000| Untracked 
|  75|0x000000070d800000, 0x000000070d800000, 0x000000070da00000|  0%| F|  |TAMS 0x000000070d800000, 0x000000070d800000| Untracked 
|  76|0x000000070da00000, 0x000000070da00000, 0x000000070dc00000|  0%| F|  |TAMS 0x000000070da00000, 0x000000070da00000| Untracked 
|  77|0x000000070dc00000, 0x000000070dc00000, 0x000000070de00000|  0%| F|  |TAMS 0x000000070dc00000, 0x000000070dc00000| Untracked 
|  78|0x000000070de00000, 0x000000070de00000, 0x000000070e000000|  0%| F|  |TAMS 0x000000070de00000, 0x000000070de00000| Untracked 
|  79|0x000000070e000000, 0x000000070e000000, 0x000000070e200000|  0%| F|  |TAMS 0x000000070e000000, 0x000000070e000000| Untracked 
|  80|0x000000070e200000, 0x000000070e200000, 0x000000070e400000|  0%| F|  |TAMS 0x000000070e200000, 0x000000070e200000| Untracked 
|  81|0x000000070e400000, 0x000000070e400000, 0x000000070e600000|  0%| F|  |TAMS 0x000000070e400000, 0x000000070e400000| Untracked 
|  82|0x000000070e600000, 0x000000070e600000, 0x000000070e800000|  0%| F|  |TAMS 0x000000070e600000, 0x000000070e600000| Untracked 
|  83|0x000000070e800000, 0x000000070e800000, 0x000000070ea00000|  0%| F|  |TAMS 0x000000070e800000, 0x000000070e800000| Untracked 
|  84|0x000000070ea00000, 0x000000070ea00000, 0x000000070ec00000|  0%| F|  |TAMS 0x000000070ea00000, 0x000000070ea00000| Untracked 
|  85|0x000000070ec00000, 0x000000070ec00000, 0x000000070ee00000|  0%| F|  |TAMS 0x000000070ec00000, 0x000000070ec00000| Untracked 
|  86|0x000000070ee00000, 0x000000070ee00000, 0x000000070f000000|  0%| F|  |TAMS 0x000000070ee00000, 0x000000070ee00000| Untracked 
|  87|0x000000070f000000, 0x000000070f000000, 0x000000070f200000|  0%| F|  |TAMS 0x000000070f000000, 0x000000070f000000| Untracked 
|  88|0x000000070f200000, 0x000000070f200000, 0x000000070f400000|  0%| F|  |TAMS 0x000000070f200000, 0x000000070f200000| Untracked 
|  89|0x000000070f400000, 0x000000070f400000, 0x000000070f600000|  0%| F|  |TAMS 0x000000070f400000, 0x000000070f400000| Untracked 
|  90|0x000000070f600000, 0x000000070f600000, 0x000000070f800000|  0%| F|  |TAMS 0x000000070f600000, 0x000000070f600000| Untracked 
|  91|0x000000070f800000, 0x000000070f800000, 0x000000070fa00000|  0%| F|  |TAMS 0x000000070f800000, 0x000000070f800000| Untracked 
|  92|0x000000070fa00000, 0x000000070fa00000, 0x000000070fc00000|  0%| F|  |TAMS 0x000000070fa00000, 0x000000070fa00000| Untracked 
|  93|0x000000070fc00000, 0x000000070fc00000, 0x000000070fe00000|  0%| F|  |TAMS 0x000000070fc00000, 0x000000070fc00000| Untracked 
|  94|0x000000070fe00000, 0x000000070fe00000, 0x0000000710000000|  0%| F|  |TAMS 0x000000070fe00000, 0x000000070fe00000| Untracked 
|  95|0x0000000710000000, 0x0000000710000000, 0x0000000710200000|  0%| F|  |TAMS 0x0000000710000000, 0x0000000710000000| Untracked 
|  96|0x0000000710200000, 0x0000000710200000, 0x0000000710400000|  0%| F|  |TAMS 0x0000000710200000, 0x0000000710200000| Untracked 
|  97|0x0000000710400000, 0x0000000710400000, 0x0000000710600000|  0%| F|  |TAMS 0x0000000710400000, 0x0000000710400000| Untracked 
|  98|0x0000000710600000, 0x0000000710600000, 0x0000000710800000|  0%| F|  |TAMS 0x0000000710600000, 0x0000000710600000| Untracked 
|  99|0x0000000710800000, 0x0000000710800000, 0x0000000710a00000|  0%| F|  |TAMS 0x0000000710800000, 0x0000000710800000| Untracked 
| 100|0x0000000710a00000, 0x0000000710a00000, 0x0000000710c00000|  0%| F|  |TAMS 0x0000000710a00000, 0x0000000710a00000| Untracked 
| 101|0x0000000710c00000, 0x0000000710c00000, 0x0000000710e00000|  0%| F|  |TAMS 0x0000000710c00000, 0x0000000710c00000| Untracked 
| 102|0x0000000710e00000, 0x0000000710e00000, 0x0000000711000000|  0%| F|  |TAMS 0x0000000710e00000, 0x0000000710e00000| Untracked 
| 103|0x0000000711000000, 0x0000000711000000, 0x0000000711200000|  0%| F|  |TAMS 0x0000000711000000, 0x0000000711000000| Untracked 
| 104|0x0000000711200000, 0x0000000711200000, 0x0000000711400000|  0%| F|  |TAMS 0x0000000711200000, 0x0000000711200000| Untracked 
| 105|0x0000000711400000, 0x0000000711400000, 0x0000000711600000|  0%| F|  |TAMS 0x0000000711400000, 0x0000000711400000| Untracked 
| 106|0x0000000711600000, 0x0000000711600000, 0x0000000711800000|  0%| F|  |TAMS 0x0000000711600000, 0x0000000711600000| Untracked 
| 107|0x0000000711800000, 0x0000000711800000, 0x0000000711a00000|  0%| F|  |TAMS 0x0000000711800000, 0x0000000711800000| Untracked 
| 108|0x0000000711a00000, 0x0000000711a00000, 0x0000000711c00000|  0%| F|  |TAMS 0x0000000711a00000, 0x0000000711a00000| Untracked 
| 109|0x0000000711c00000, 0x0000000711c00000, 0x0000000711e00000|  0%| F|  |TAMS 0x0000000711c00000, 0x0000000711c00000| Untracked 
| 110|0x0000000711e00000, 0x0000000711e00000, 0x0000000712000000|  0%| F|  |TAMS 0x0000000711e00000, 0x0000000711e00000| Untracked 
| 111|0x0000000712000000, 0x0000000712000000, 0x0000000712200000|  0%| F|  |TAMS 0x0000000712000000, 0x0000000712000000| Untracked 
| 112|0x0000000712200000, 0x0000000712200000, 0x0000000712400000|  0%| F|  |TAMS 0x0000000712200000, 0x0000000712200000| Untracked 
| 113|0x0000000712400000, 0x0000000712400000, 0x0000000712600000|  0%| F|  |TAMS 0x0000000712400000, 0x0000000712400000| Untracked 
| 114|0x0000000712600000, 0x0000000712600000, 0x0000000712800000|  0%| F|  |TAMS 0x0000000712600000, 0x0000000712600000| Untracked 
| 115|0x0000000712800000, 0x0000000712800000, 0x0000000712a00000|  0%| F|  |TAMS 0x0000000712800000, 0x0000000712800000| Untracked 
| 116|0x0000000712a00000, 0x0000000712a00000, 0x0000000712c00000|  0%| F|  |TAMS 0x0000000712a00000, 0x0000000712a00000| Untracked 
| 117|0x0000000712c00000, 0x0000000712ce1cd0, 0x0000000712e00000| 44%| E|  |TAMS 0x0000000712c00000, 0x0000000712c00000| Complete 
| 118|0x0000000712e00000, 0x0000000713000000, 0x0000000713000000|100%| E|CS|TAMS 0x0000000712e00000, 0x0000000712e00000| Complete 
| 119|0x0000000713000000, 0x0000000713200000, 0x0000000713200000|100%| E|CS|TAMS 0x0000000713000000, 0x0000000713000000| Complete 
| 120|0x0000000713200000, 0x0000000713400000, 0x0000000713400000|100%| E|CS|TAMS 0x0000000713200000, 0x0000000713200000| Complete 
| 121|0x0000000713400000, 0x0000000713600000, 0x0000000713600000|100%| E|CS|TAMS 0x0000000713400000, 0x0000000713400000| Complete 
| 122|0x0000000713600000, 0x0000000713800000, 0x0000000713800000|100%| E|CS|TAMS 0x0000000713600000, 0x0000000713600000| Complete 
| 123|0x0000000713800000, 0x0000000713a00000, 0x0000000713a00000|100%| E|CS|TAMS 0x0000000713800000, 0x0000000713800000| Complete 
| 124|0x0000000713a00000, 0x0000000713c00000, 0x0000000713c00000|100%| E|CS|TAMS 0x0000000713a00000, 0x0000000713a00000| Complete 
| 125|0x0000000713c00000, 0x0000000713e00000, 0x0000000713e00000|100%| E|CS|TAMS 0x0000000713c00000, 0x0000000713c00000| Complete 

Card table byte_map: [0x0000029b7def0000,0x0000029b7e6d0000] _byte_map_base: 0x0000029b7a6cf000

Marking Bits (Prev, Next): (CMBitMap*) 0x0000029b73a5f220, (CMBitMap*) 0x0000029b73a5f260
 Prev Bits: [0x0000029b0f000000, 0x0000029b12ef8000)
 Next Bits: [0x0000029b12f00000, 0x0000029b16df8000)

Polling page: 0x0000029b73af0000

Metaspace:

Usage:
  Non-class:      7.79 MB used.
      Class:    959.77 KB used.
       Both:      8.73 MB used.

Virtual space:
  Non-class space:        8.00 MB reserved,       7.88 MB ( 98%) committed,  1 nodes.
      Class space:        1.00 GB reserved,       1.00 MB ( <1%) committed,  1 nodes.
             Both:        1.01 GB reserved,       8.88 MB ( <1%) committed. 

Chunk freelists:
   Non-Class:  108.00 KB
       Class:  3.01 MB
        Both:  3.11 MB

MaxMetaspaceSize: unlimited
CompressedClassSpaceSize: 1.00 GB
Initial GC threshold: 21.00 MB
Current GC threshold: 21.00 MB
CDS: on
MetaspaceReclaimPolicy: balanced
 - commit_granule_bytes: 65536.
 - commit_granule_words: 8192.
 - virtual_space_node_default_size: 1048576.
 - enlarge_chunks_in_place: 1.
 - new_chunks_are_fully_committed: 0.
 - uncommit_free_chunks: 1.
 - use_allocation_guard: 0.
 - handle_deallocations: 1.


Internal statistics:

num_allocs_failed_limit: 0.
num_arena_births: 110.
num_arena_deaths: 0.
num_vsnodes_births: 2.
num_vsnodes_deaths: 0.
num_space_committed: 142.
num_space_uncommitted: 0.
num_chunks_returned_to_freelist: 0.
num_chunks_taken_from_freelist: 161.
num_chunk_merges: 0.
num_chunk_splits: 86.
num_chunks_enlarged: 30.
num_purges: 0.
num_inconsistent_stats: 0.

CodeHeap 'non-profiled nmethods': size=120000Kb used=508Kb max_used=508Kb free=119491Kb
 bounds [0x0000029b07ad0000, 0x0000029b07d40000, 0x0000029b0f000000]
CodeHeap 'profiled nmethods': size=120000Kb used=2714Kb max_used=2714Kb free=117285Kb
 bounds [0x0000029b005a0000, 0x0000029b00850000, 0x0000029b07ad0000]
CodeHeap 'non-nmethods': size=5760Kb used=1278Kb max_used=1314Kb free=4481Kb
 bounds [0x0000029b00000000, 0x0000029b00270000, 0x0000029b005a0000]
 total_blobs=2039 nmethods=1434 adapters=518
 compilation: enabled
              stopped_count=0, restarted_count=0
 full_count=0

Compilation events (20 events):
Event: 104.164 Thread 0x0000029b7fbbd520 nmethod 1427 0x0000029b07b4e290 code [0x0000029b07b4e400, 0x0000029b07b4e498]
Event: 104.393 Thread 0x0000029b7fbc94d0 1428       3       java.awt.geom.Rectangle2D::setFrame (11 bytes)
Event: 104.393 Thread 0x0000029b7fbc94d0 nmethod 1428 0x0000029b00842c10 code [0x0000029b00842dc0, 0x0000029b00842f88]
Event: 104.396 Thread 0x0000029b7fbc94d0 1429       3       sun.font.CompositeStrike::getStrikeForSlot (50 bytes)
Event: 104.396 Thread 0x0000029b7fbc94d0 nmethod 1429 0x0000029b00843090 code [0x0000029b00843280, 0x0000029b00843878]
Event: 104.397 Thread 0x0000029b7fbc94d0 1430       3       sun.awt.Win32GraphicsConfig::getDefaultTransform (24 bytes)
Event: 104.397 Thread 0x0000029b7fbc94d0 nmethod 1430 0x0000029b00843a90 code [0x0000029b00843c40, 0x0000029b00843ec8]
Event: 104.397 Thread 0x0000029b7fbc94d0 1431       1       java.awt.Font::getSize2D (5 bytes)
Event: 104.397 Thread 0x0000029b7fbc94d0 nmethod 1431 0x0000029b07b4e590 code [0x0000029b07b4e720, 0x0000029b07b4e7f8]
Event: 104.397 Thread 0x0000029b7fbc94d0 1432       3       java.awt.Font::equals (131 bytes)
Event: 104.397 Thread 0x0000029b7fbc94d0 nmethod 1432 0x0000029b00844010 code [0x0000029b00844240, 0x0000029b008449e8]
Event: 104.397 Thread 0x0000029b7fbc94d0 1433       1       java.awt.image.ColorModel::getTransparency (5 bytes)
Event: 104.397 Thread 0x0000029b7fbc94d0 nmethod 1433 0x0000029b07b4e890 code [0x0000029b07b4ea20, 0x0000029b07b4eaf8]
Event: 104.399 Thread 0x0000029b7fbc94d0 1434       3       java.awt.geom.AffineTransform::setToTranslation (66 bytes)
Event: 104.399 Thread 0x0000029b7fbc94d0 nmethod 1434 0x0000029b00844b90 code [0x0000029b00844d20, 0x0000029b00844f78]
Event: 104.399 Thread 0x0000029b7fbc94d0 1435       1       sun.java2d.SurfaceData::getColorModel (5 bytes)
Event: 104.399 Thread 0x0000029b7fbc94d0 nmethod 1435 0x0000029b07b4eb90 code [0x0000029b07b4ed20, 0x0000029b07b4edf8]
Event: 104.621 Thread 0x0000029b7fbc94d0 1436       1       java.util.IdentityHashMap::size (5 bytes)
Event: 104.621 Thread 0x0000029b7fbc94d0 nmethod 1436 0x0000029b07b4ee90 code [0x0000029b07b4f020, 0x0000029b07b4f0f8]
Event: 104.625 Thread 0x0000029b7fbbd520 1437       4       java.util.concurrent.ConcurrentHashMap::get (162 bytes)

GC Heap History (0 events):
No events

Deoptimization events (20 events):
Event: 9.457 Thread 0x0000029b19bd6460 DEOPT PACKING pc=0x0000029b00713aa1 sp=0x000000cb964fcf00
Event: 9.457 Thread 0x0000029b19bd6460 DEOPT UNPACKING pc=0x0000029b00052b43 sp=0x000000cb964fc350 mode 0
Event: 9.458 Thread 0x0000029b19bd6460 DEOPT PACKING pc=0x0000029b00713aa1 sp=0x000000cb964fcf00
Event: 9.458 Thread 0x0000029b19bd6460 DEOPT UNPACKING pc=0x0000029b00052b43 sp=0x000000cb964fc350 mode 0
Event: 9.460 Thread 0x0000029b19bd6460 DEOPT PACKING pc=0x0000029b00713aa1 sp=0x000000cb964fcf00
Event: 9.460 Thread 0x0000029b19bd6460 DEOPT UNPACKING pc=0x0000029b00052b43 sp=0x000000cb964fc350 mode 0
Event: 9.462 Thread 0x0000029b19bd6460 DEOPT PACKING pc=0x0000029b00713aa1 sp=0x000000cb964fcf00
Event: 9.462 Thread 0x0000029b19bd6460 DEOPT UNPACKING pc=0x0000029b00052b43 sp=0x000000cb964fc350 mode 0
Event: 42.038 Thread 0x0000029b19bd6460 DEOPT PACKING pc=0x0000029b00824e29 sp=0x000000cb964fcf40
Event: 42.038 Thread 0x0000029b19bd6460 DEOPT UNPACKING pc=0x0000029b00052b43 sp=0x000000cb964fc2c8 mode 0
Event: 42.040 Thread 0x0000029b19bd6460 DEOPT PACKING pc=0x0000029b007870c2 sp=0x000000cb964fd370
Event: 42.040 Thread 0x0000029b19bd6460 DEOPT UNPACKING pc=0x0000029b00052b43 sp=0x000000cb964fc820 mode 0
Event: 42.362 Thread 0x0000029b19bd6460 DEOPT PACKING pc=0x0000029b008104d3 sp=0x000000cb964fd2c0
Event: 42.362 Thread 0x0000029b19bd6460 DEOPT UNPACKING pc=0x0000029b00052b43 sp=0x000000cb964fc6a0 mode 0
Event: 42.362 Thread 0x0000029b19bd6460 DEOPT PACKING pc=0x0000029b00773aa0 sp=0x000000cb964fce80
Event: 42.362 Thread 0x0000029b19bd6460 DEOPT UNPACKING pc=0x0000029b00052b43 sp=0x000000cb964fc6a0 mode 0
Event: 42.363 Thread 0x0000029b19bd6460 DEOPT PACKING pc=0x0000029b007870c2 sp=0x000000cb964fcf90
Event: 42.363 Thread 0x0000029b19bd6460 DEOPT UNPACKING pc=0x0000029b00052b43 sp=0x000000cb964fc440 mode 0
Event: 42.365 Thread 0x0000029b19bd6460 DEOPT PACKING pc=0x0000029b007870c2 sp=0x000000cb964fd370
Event: 42.365 Thread 0x0000029b19bd6460 DEOPT UNPACKING pc=0x0000029b00052b43 sp=0x000000cb964fc820 mode 0

Classes unloaded (0 events):
No events

Classes redefined (0 events):
No events

Internal exceptions (14 events):
Event: 0.075 Thread 0x0000029b73a0d250 Exception <a 'java/lang/ClassNotFoundException'{0x0000000713db2c48}: sun/awt/resources/spi/awtProvider> (0x0000000713db2c48) 
thrown [t:\workspace\open\src\hotspot\share\classfile\systemDictionary.cpp, line 256]
Event: 0.117 Thread 0x0000029b73a0d250 Exception <a 'java/io/FileNotFoundException'{0x0000000713a0c0f0}> (0x0000000713a0c0f0) 
thrown [t:\workspace\open\src\hotspot\share\prims\jni.cpp, line 516]
Event: 0.123 Thread 0x0000029b73a0d250 Exception <a 'java/io/FileNotFoundException'{0x0000000713a39050}> (0x0000000713a39050) 
thrown [t:\workspace\open\src\hotspot\share\prims\jni.cpp, line 516]
Event: 0.161 Thread 0x0000029b73a0d250 Exception <a 'java/lang/NoSuchMethodError'{0x0000000713a831d8}: 'java.lang.Object java.lang.invoke.DirectMethodHandle$Holder.invokeStaticInit(java.lang.Object)'> (0x0000000713a831d8) 
thrown [t:\workspace\open\src\hotspot\share\interpreter\linkResolver.cpp, line 766]
Event: 0.193 Thread 0x0000029b73a0d250 Exception <a 'java/lang/NoSuchMethodError'{0x0000000713acd110}: 'void java.lang.invoke.DirectMethodHandle$Holder.invokeSpecial(java.lang.Object, java.lang.Object, java.lang.Object)'> (0x0000000713acd110) 
thrown [t:\workspace\open\src\hotspot\share\interpreter\linkResolver.cpp, line 766]
Event: 0.200 Thread 0x0000029b73a0d250 Exception <a 'java/lang/NoSuchMethodError'{0x0000000713b68068}: 'java.lang.Object java.lang.invoke.DirectMethodHandle$Holder.newInvokeSpecial(java.lang.Object, java.lang.Object, java.lang.Object, java.lang.Object, java.lang.Object)'> (0x0000000713b68068) 
thrown [t:\workspace\open\src\hotspot\share\interpreter\linkResolver.cpp, line 766]
Event: 0.202 Thread 0x0000029b73a0d250 Exception <a 'java/lang/NoSuchMethodError'{0x0000000713b73a30}: 'java.lang.Object java.lang.invoke.DirectMethodHandle$Holder.invokeStatic(java.lang.Object, int, java.lang.Object, java.lang.Object, java.lang.Object, java.lang.Object)'> (0x0000000713b73a30) 
thrown [t:\workspace\open\src\hotspot\share\interpreter\linkResolver.cpp, line 766]
Event: 0.206 Thread 0x0000029b73a0d250 Exception <a 'java/lang/NoSuchMethodError'{0x0000000713b991f0}: 'java.lang.Object java.lang.invoke.DirectMethodHandle$Holder.invokeStatic(java.lang.Object, int, java.lang.Object)'> (0x0000000713b991f0) 
thrown [t:\workspace\open\src\hotspot\share\interpreter\linkResolver.cpp, line 766]
Event: 0.233 Thread 0x0000029b73a0d250 Exception <a 'java/lang/ClassNotFoundException'{0x0000000713851520}: com/sun/swing/internal/plaf/metal/resources/spi/metalProvider> (0x0000000713851520) 
thrown [t:\workspace\open\src\hotspot\share\classfile\systemDictionary.cpp, line 256]
Event: 0.233 Thread 0x0000029b73a0d250 Exception <a 'java/lang/ClassNotFoundException'{0x00000007138553f8}: com/sun/swing/internal/plaf/basic/resources/spi/basicProvider> (0x00000007138553f8) 
thrown [t:\workspace\open\src\hotspot\share\classfile\systemDictionary.cpp, line 256]
Event: 0.260 Thread 0x0000029b19b44d50 Exception <a 'java/lang/NoSuchMethodError'{0x0000000713af1260}: 'void java.lang.invoke.DirectMethodHandle$Holder.invokeVirtual(java.lang.Object, java.lang.Object)'> (0x0000000713af1260) 
thrown [t:\workspace\open\src\hotspot\share\interpreter\linkResolver.cpp, line 766]
Event: 0.277 Thread 0x0000029b73a0d250 Exception <a 'java/lang/NoSuchMethodError'{0x0000000713899f28}: 'void java.lang.invoke.DirectMethodHandle$Holder.invokeStaticInit(java.lang.Object)'> (0x0000000713899f28) 
thrown [t:\workspace\open\src\hotspot\share\interpreter\linkResolver.cpp, line 766]
Event: 0.905 Thread 0x0000029b19bd6460 Implicit null exception at 0x0000029b07b09d8d to 0x0000029b07b09e08
Event: 0.905 Thread 0x0000029b19bd6460 Implicit null exception at 0x0000029b07b05a80 to 0x0000029b07b05af4

VM Operations (20 events):
Event: 4.387 Executing VM operation: Cleanup
Event: 4.387 Executing VM operation: Cleanup done
Event: 5.388 Executing VM operation: Cleanup
Event: 5.388 Executing VM operation: Cleanup done
Event: 7.388 Executing VM operation: Cleanup
Event: 7.388 Executing VM operation: Cleanup done
Event: 8.389 Executing VM operation: Cleanup
Event: 8.389 Executing VM operation: Cleanup done
Event: 9.389 Executing VM operation: Cleanup
Event: 9.389 Executing VM operation: Cleanup done
Event: 10.390 Executing VM operation: Cleanup
Event: 10.390 Executing VM operation: Cleanup done
Event: 30.401 Executing VM operation: Cleanup
Event: 30.401 Executing VM operation: Cleanup done
Event: 42.407 Executing VM operation: Cleanup
Event: 42.407 Executing VM operation: Cleanup done
Event: 102.439 Executing VM operation: Cleanup
Event: 102.439 Executing VM operation: Cleanup done
Event: 104.440 Executing VM operation: Cleanup
Event: 104.440 Executing VM operation: Cleanup done

Events (20 events):
Event: 8.774 loading class jdk/internal/reflect/ByteVector done
Event: 8.774 loading class jdk/internal/reflect/ByteVectorImpl done
Event: 8.774 loading class jdk/internal/reflect/ClassFileAssembler
Event: 8.774 loading class jdk/internal/reflect/ClassFileAssembler done
Event: 8.774 loading class jdk/internal/reflect/UTF8
Event: 8.774 loading class jdk/internal/reflect/UTF8 done
Event: 8.775 loading class jdk/internal/reflect/Label
Event: 8.775 loading class jdk/internal/reflect/Label done
Event: 8.775 loading class jdk/internal/reflect/Label$PatchInfo
Event: 8.775 loading class jdk/internal/reflect/Label$PatchInfo done
Event: 8.775 loading class jdk/internal/reflect/MethodAccessorGenerator$1
Event: 8.775 loading class jdk/internal/reflect/MethodAccessorGenerator$1 done
Event: 8.775 loading class jdk/internal/reflect/ClassDefiner
Event: 8.775 loading class jdk/internal/reflect/ClassDefiner done
Event: 8.775 loading class jdk/internal/reflect/ClassDefiner$1
Event: 8.775 loading class jdk/internal/reflect/ClassDefiner$1 done
Event: 42.056 Thread 0x0000029b1c15eb40 Thread added: 0x0000029b1c15eb40
Event: 42.358 Thread 0x0000029b1c15eb40 Thread exited: 0x0000029b1c15eb40
Event: 42.365 Thread 0x0000029b1c6748e0 Thread added: 0x0000029b1c6748e0
Event: 47.387 Thread 0x0000029b1c6748e0 Thread exited: 0x0000029b1c6748e0


Dynamic libraries:
0x00007ff79b1e0000 - 0x00007ff79b1f0000 	C:\Program Files\Java\jdk-17.0.2\bin\java.exe
0x00007ffbe4f00000 - 0x00007ffbe5109000 	C:\WINDOWS\SYSTEM32\ntdll.dll
0x00007ffbe3ba0000 - 0x00007ffbe3c5d000 	C:\WINDOWS\System32\KERNEL32.DLL
0x00007ffbe2980000 - 0x00007ffbe2cf4000 	C:\WINDOWS\System32\KERNELBASE.dll
0x00007ffbe2470000 - 0x00007ffbe2581000 	C:\WINDOWS\System32\ucrtbase.dll
0x00007ffbdeb40000 - 0x00007ffbdeb58000 	C:\Program Files\Java\jdk-17.0.2\bin\jli.dll
0x00007ffbdeb20000 - 0x00007ffbdeb3a000 	C:\Program Files\Java\jdk-17.0.2\bin\VCRUNTIME140.dll
0x00007ffbe4e10000 - 0x00007ffbe4ebe000 	C:\WINDOWS\System32\ADVAPI32.dll
0x00007ffbe3780000 - 0x00007ffbe3823000 	C:\WINDOWS\System32\msvcrt.dll
0x00007ffbe4230000 - 0x00007ffbe42ce000 	C:\WINDOWS\System32\sechost.dll
0x00007ffbe4bf0000 - 0x00007ffbe4d10000 	C:\WINDOWS\System32\RPCRT4.dll
0x00007ffbe35d0000 - 0x00007ffbe377c000 	C:\WINDOWS\System32\USER32.dll
0x00007ffbbeac0000 - 0x00007ffbbed65000 	C:\WINDOWS\WinSxS\amd64_microsoft.windows.common-controls_6595b64144ccf1df_6.0.22000.120_none_9d947278b86cc467\COMCTL32.dll
0x00007ffbe2d70000 - 0x00007ffbe2d96000 	C:\WINDOWS\System32\win32u.dll
0x00007ffbe3830000 - 0x00007ffbe3859000 	C:\WINDOWS\System32\GDI32.dll
0x00007ffbe2700000 - 0x00007ffbe2812000 	C:\WINDOWS\System32\gdi32full.dll
0x00007ffbe28e0000 - 0x00007ffbe297d000 	C:\WINDOWS\System32\msvcp_win.dll
0x00007ffbd5ae0000 - 0x00007ffbd5aea000 	C:\WINDOWS\SYSTEM32\VERSION.dll
0x00007ffbe3930000 - 0x00007ffbe3961000 	C:\WINDOWS\System32\IMM32.DLL
0x00007ffbdef40000 - 0x00007ffbdef4c000 	C:\Program Files\Java\jdk-17.0.2\bin\vcruntime140_1.dll
0x00007ffbc9c90000 - 0x00007ffbc9d1d000 	C:\Program Files\Java\jdk-17.0.2\bin\msvcp140.dll
0x00007ffb80ff0000 - 0x00007ffb81bb1000 	C:\Program Files\Java\jdk-17.0.2\bin\server\jvm.dll
0x00007ffbe2da0000 - 0x00007ffbe2da8000 	C:\WINDOWS\System32\PSAPI.DLL
0x00007ffbbff90000 - 0x00007ffbbff99000 	C:\WINDOWS\SYSTEM32\WSOCK32.dll
0x00007ffbda8b0000 - 0x00007ffbda8e3000 	C:\WINDOWS\SYSTEM32\WINMM.dll
0x00007ffbe3860000 - 0x00007ffbe38cf000 	C:\WINDOWS\System32\WS2_32.dll
0x00007ffbe15a0000 - 0x00007ffbe15b8000 	C:\WINDOWS\SYSTEM32\kernel.appcore.dll
0x00007ffbdef20000 - 0x00007ffbdef2a000 	C:\Program Files\Java\jdk-17.0.2\bin\jimage.dll
0x00007ffbdfea0000 - 0x00007ffbe00c1000 	C:\WINDOWS\SYSTEM32\DBGHELP.DLL
0x00007ffbcf3a0000 - 0x00007ffbcf3d1000 	C:\WINDOWS\SYSTEM32\dbgcore.DLL
0x00007ffbe23f0000 - 0x00007ffbe246f000 	C:\WINDOWS\System32\bcryptPrimitives.dll
0x00007ffbde900000 - 0x00007ffbde925000 	C:\Program Files\Java\jdk-17.0.2\bin\java.dll
0x00007ffbc5550000 - 0x00007ffbc5626000 	C:\Program Files\Java\jdk-17.0.2\bin\jsvml.dll
0x00007ffbe42d0000 - 0x00007ffbe4a7e000 	C:\WINDOWS\System32\SHELL32.dll
0x00007ffbe04f0000 - 0x00007ffbe0d58000 	C:\WINDOWS\SYSTEM32\windows.storage.dll
0x00007ffbe3e20000 - 0x00007ffbe4198000 	C:\WINDOWS\System32\combase.dll
0x00007ffbe0380000 - 0x00007ffbe04e6000 	C:\WINDOWS\SYSTEM32\wintypes.dll
0x00007ffbe2db0000 - 0x00007ffbe2e9a000 	C:\WINDOWS\System32\SHCORE.dll
0x00007ffbe2ea0000 - 0x00007ffbe2efd000 	C:\WINDOWS\System32\shlwapi.dll
0x00007ffbe2320000 - 0x00007ffbe2341000 	C:\WINDOWS\SYSTEM32\profapi.dll
0x00007ffbddc60000 - 0x00007ffbddc79000 	C:\Program Files\Java\jdk-17.0.2\bin\net.dll
0x00007ffbd9e60000 - 0x00007ffbd9f6c000 	C:\WINDOWS\SYSTEM32\WINHTTP.dll
0x00007ffbe19c0000 - 0x00007ffbe1a27000 	C:\WINDOWS\system32\mswsock.dll
0x00007ffbda720000 - 0x00007ffbda736000 	C:\Program Files\Java\jdk-17.0.2\bin\nio.dll
0x00007ffbd7500000 - 0x00007ffbd7518000 	C:\Program Files\Java\jdk-17.0.2\bin\zip.dll
0x00007ffba3cf0000 - 0x00007ffba3e7f000 	C:\Program Files\Java\jdk-17.0.2\bin\awt.dll
0x00007ffbe4d10000 - 0x00007ffbe4de6000 	C:\WINDOWS\System32\OLEAUT32.dll
0x00007ffbdf0f0000 - 0x00007ffbdf181000 	C:\WINDOWS\SYSTEM32\apphelp.dll
0x00007ffbdf4f0000 - 0x00007ffbdf51f000 	C:\WINDOWS\system32\DWMAPI.DLL
0x00007ffbdf1b0000 - 0x00007ffbdf25c000 	C:\WINDOWS\system32\uxtheme.dll
0x00007ffbb1260000 - 0x00007ffbb1361000 	C:\WINDOWS\system32\opengl32.dll
0x00007ffbb2e40000 - 0x00007ffbb2e6d000 	C:\WINDOWS\SYSTEM32\GLU32.dll
0x00007ffbdf290000 - 0x00007ffbdf2c8000 	C:\WINDOWS\SYSTEM32\dxcore.dll
0x00007ffbe3990000 - 0x00007ffbe3aae000 	C:\WINDOWS\System32\MSCTF.dll
0x00007ffbe3430000 - 0x00007ffbe35ca000 	C:\WINDOWS\System32\ole32.dll
0x00007ffbc77b0000 - 0x00007ffbc7839000 	C:\Program Files\Java\jdk-17.0.2\bin\freetype.dll
0x00007ffbae760000 - 0x00007ffbae808000 	C:\Program Files\Java\jdk-17.0.2\bin\fontmanager.dll
0x00007ffbb2680000 - 0x00007ffbb27ad000 	C:\WINDOWS\SYSTEM32\textinputframework.dll
0x00007ffbbedb0000 - 0x00007ffbbee19000 	C:\WINDOWS\system32\Oleacc.dll
0x00007ffbded00000 - 0x00007ffbdee32000 	C:\WINDOWS\SYSTEM32\CoreMessaging.dll
0x00007ffbd8bb0000 - 0x00007ffbd8f1d000 	C:\WINDOWS\SYSTEM32\CoreUIComponents.dll
0x00007ffbe1bb0000 - 0x00007ffbe1bbc000 	C:\WINDOWS\SYSTEM32\CRYPTBASE.DLL

dbghelp: loaded successfully - version: 4.0.5 - missing functions: none
symbol engine: initialized successfully - sym options: 0x614 - pdb path: .;C:\Program Files\Java\jdk-17.0.2\bin;C:\WINDOWS\SYSTEM32;C:\WINDOWS\WinSxS\amd64_microsoft.windows.common-controls_6595b64144ccf1df_6.0.22000.120_none_9d947278b86cc467;C:\Program Files\Java\jdk-17.0.2\bin\server

VM Arguments:
java_command: GUItester
java_class_path (initial): .;postgresql-42.2.8.jar
Launcher Type: SUN_STANDARD

[Global flags]
     intx CICompilerCount                          = 4                                         {product} {ergonomic}
     uint ConcGCThreads                            = 3                                         {product} {ergonomic}
     uint G1ConcRefinementThreads                  = 10                                        {product} {ergonomic}
   size_t G1HeapRegionSize                         = 2097152                                   {product} {ergonomic}
    uintx GCDrainStackTargetSize                   = 64                                        {product} {ergonomic}
   size_t InitialHeapSize                          = 264241152                                 {product} {ergonomic}
   size_t MarkStackSize                            = 4194304                                   {product} {ergonomic}
   size_t MaxHeapSize                              = 4225761280                                {product} {ergonomic}
   size_t MaxNewSize                               = 2535456768                                {product} {ergonomic}
   size_t MinHeapDeltaBytes                        = 2097152                                   {product} {ergonomic}
   size_t MinHeapSize                              = 8388608                                   {product} {ergonomic}
    uintx NonNMethodCodeHeapSize                   = 5839372                                {pd product} {ergonomic}
    uintx NonProfiledCodeHeapSize                  = 122909434                              {pd product} {ergonomic}
    uintx ProfiledCodeHeapSize                     = 122909434                              {pd product} {ergonomic}
    uintx ReservedCodeCacheSize                    = 251658240                              {pd product} {ergonomic}
     bool SegmentedCodeCache                       = true                                      {product} {ergonomic}
   size_t SoftMaxHeapSize                          = 4225761280                             {manageable} {ergonomic}
     bool UseCompressedClassPointers               = true                           {product lp64_product} {ergonomic}
     bool UseCompressedOops                        = true                           {product lp64_product} {ergonomic}
     bool UseG1GC                                  = true                                      {product} {ergonomic}
     bool UseLargePagesIndividualAllocation        = false                                  {pd product} {ergonomic}

Logging:
Log output configuration:
 #0: stdout all=warning uptime,level,tags
 #1: stderr all=off uptime,level,tags

Environment Variables:
JAVA_HOME=C:\Program Files\Java\jdk-17.0.2
PATH=C:\Program Files\Common Files\Oracle\Java\javapath;C:\Program Files\Java\jdk-17.0.2\bin;C:\Program Files (x86)\VMware\VMware Player\bin\;C:\Windows\system32;C:\Windows;C:\Windows\System32\Wbem;C:\Windows\System32\WindowsPowerShell\v1.0\;C:\Windows\System32\OpenSSH\;C:\Program Files (x86)\NVIDIA Corporation\PhysX\Common;C:\MinGW\bin;C:\WINDOWS\system32;C:\WINDOWS;C:\WINDOWS\System32\Wbem;C:\WINDOWS\System32\WindowsPowerShell\v1.0\;C:\WINDOWS\System32\OpenSSH\;C:\Program Files\Git\cmd;C:\Program Files\PuTTY\;C:\Program Files\Git LFS;C:\Program Files\PostgreSQL\14\bin;C:\texlive\2020\bin\win32;C:\Users\cruzr\AppData\Local\Microsoft\WindowsApps;C:\Users\cruzr\AppData\Local\Programs\Microsoft VS Code\bin;C:\Users\cruzr\AppData\Local\Programs\MiKTeX\miktex\bin\x64\;C:\Users\cruzr\AppData\Local\Microsoft\WindowsApps;
USERNAME=cruzr
OS=Windows_NT
PROCESSOR_IDENTIFIER=Intel64 Family 6 Model 158 Stepping 10, GenuineIntel



---------------  S Y S T E M  ---------------

OS:
 Windows 11 , 64 bit Build 22000 (10.0.22000.434)
OS uptime: 3 days 10:40 hours
Hyper-V role detected

CPU: total 12 (initial active 12) (6 cores per cpu, 2 threads per core) family 6 model 158 stepping 10 microcode 0xea, cx8, cmov, fxsr, ht, mmx, 3dnowpref, sse, sse2, sse3, ssse3, sse4.1, sse4.2, popcnt, lzcnt, tsc, tscinvbit, avx, avx2, aes, erms, clmul, bmi1, bmi2, adx, fma, vzeroupper, clflush, clflushopt, hv

Memory: 4k page, system-wide physical 16118M (3682M free)
TotalPageFile size 16118M (AvailPageFile size 5M)
current process WorkingSet (physical memory assigned to process): 244M, peak: 263M
current process commit charge ("private bytes"): 504M, peak: 523M

vm_info: Java HotSpot(TM) 64-Bit Server VM (17.0.2+8-LTS-86) for windows-amd64 JRE (17.0.2+8-LTS-86), built on Dec  7 2021 21:51:03 by "mach5one" with MS VC++ 16.8 / 16.9 (VS2019)

END.
