#
# There is insufficient memory for the Java Runtime Environment to continue.
# Native memory allocation (malloc) failed to allocate 1057072 bytes for Chunk::new
# Possible reasons:
#   The system is out of physical RAM or swap space
#   The process is running with CompressedOops enabled, and the Java Heap may be blocking the growth of the native heap
# Possible solutions:
#   Reduce memory load on the system
#   Increase physical memory or swap space
#   Check if swap backing store is full
#   Decrease Java heap size (-Xmx/-Xms)
#   Decrease number of Java threads
#   Decrease Java thread stack sizes (-Xss)
#   Set larger code cache with -XX:ReservedCodeCacheSize=
#   JVM is running with Zero Based Compressed Oops mode in which the Java heap is
#     placed in the first 32GB address space. The Java Heap base address is the
#     maximum limit for the native heap growth. Please use -XX:HeapBaseMinAddress
#     to set the Java Heap base and to place the Java Heap above 32GB virtual address.
# This output file may be truncated or incomplete.
#
#  Out of Memory Error (arena.cpp:189), pid=11708, tid=18296
#
# JRE version: Java(TM) SE Runtime Environment (17.0.2+8) (build 17.0.2+8-LTS-86)
# Java VM: Java HotSpot(TM) 64-Bit Server VM (17.0.2+8-LTS-86, mixed mode, sharing, tiered, compressed oops, compressed class ptrs, g1 gc, windows-amd64)
# No core dump will be written. Minidumps are not enabled by default on client versions of Windows
#

---------------  S U M M A R Y ------------

Command Line: GUItester

Host: Intel(R) Core(TM) i7-8750H CPU @ 2.20GHz, 12 cores, 15G,  Windows 11 , 64 bit Build 22000 (10.0.22000.434)
Time: Mon Feb 28 14:54:32 2022 Central Standard Time elapsed time: 25.076070 seconds (0d 0h 0m 25s)

---------------  T H R E A D  ---------------

Current thread (0x000002bb4b1b0700):  JavaThread "C2 CompilerThread0" daemon [_thread_in_native, id=18296, stack(0x000000ce76500000,0x000000ce76600000)]


Current CompileTask:
C2:  25076 1768 %     4       sun.java2d.marlin.Renderer::_endRendering @ 1108 (2480 bytes)

Stack: [0x000000ce76500000,0x000000ce76600000]
Native frames: (J=compiled Java code, j=interpreted, Vv=VM code, C=native code)
V  [jvm.dll+0x670baa]
V  [jvm.dll+0x7cfcb4]
V  [jvm.dll+0x7d145e]
V  [jvm.dll+0x7d1ac3]
V  [jvm.dll+0x242bc5]
V  [jvm.dll+0xaa57b]
V  [jvm.dll+0xaab0c]
V  [jvm.dll+0x35fd07]
V  [jvm.dll+0x1b9982]
V  [jvm.dll+0x215de9]
V  [jvm.dll+0x2150b1]
V  [jvm.dll+0x1a1bbd]
V  [jvm.dll+0x224908]
V  [jvm.dll+0x222a6c]
V  [jvm.dll+0x7859bb]
V  [jvm.dll+0x77ff7a]
V  [jvm.dll+0x66fa35]
C  [ucrtbase.dll+0x26c0c]
C  [KERNEL32.DLL+0x154e0]
C  [ntdll.dll+0x485b]


---------------  P R O C E S S  ---------------

Threads class SMR info:
_java_thread_list=0x000002bb4e5cfa10, length=17, elements={
0x000002bb4b18b140, 0x000002bb4b18bfb0, 0x000002bb4b1a0bb0, 0x000002bb4b1a2770,
0x000002bb4b1a6140, 0x000002bb4b1a6af0, 0x000002bb4b1b0700, 0x000002bb4bc20e80,
0x000002bb4bc21780, 0x000002bb4bd46e80, 0x000002bb4bd50350, 0x000002bb4bf917d0,
0x000002bb4bf782c0, 0x000002bb4bf78ae0, 0x000002bb4e246440, 0x000002bb261fd350,
0x000002bb4bff8020
}

Java Threads: ( => current thread )
  0x000002bb4b18b140 JavaThread "Reference Handler" daemon [_thread_blocked, id=13248, stack(0x000000ce75f00000,0x000000ce76000000)]
  0x000002bb4b18bfb0 JavaThread "Finalizer" daemon [_thread_blocked, id=18244, stack(0x000000ce76000000,0x000000ce76100000)]
  0x000002bb4b1a0bb0 JavaThread "Signal Dispatcher" daemon [_thread_blocked, id=22856, stack(0x000000ce76100000,0x000000ce76200000)]
  0x000002bb4b1a2770 JavaThread "Attach Listener" daemon [_thread_blocked, id=19200, stack(0x000000ce76200000,0x000000ce76300000)]
  0x000002bb4b1a6140 JavaThread "Service Thread" daemon [_thread_blocked, id=13328, stack(0x000000ce76300000,0x000000ce76400000)]
  0x000002bb4b1a6af0 JavaThread "Monitor Deflation Thread" daemon [_thread_blocked, id=12848, stack(0x000000ce76400000,0x000000ce76500000)]
=>0x000002bb4b1b0700 JavaThread "C2 CompilerThread0" daemon [_thread_in_native, id=18296, stack(0x000000ce76500000,0x000000ce76600000)]
  0x000002bb4bc20e80 JavaThread "C1 CompilerThread0" daemon [_thread_blocked, id=8824, stack(0x000000ce76600000,0x000000ce76700000)]
  0x000002bb4bc21780 JavaThread "Sweeper thread" daemon [_thread_blocked, id=11028, stack(0x000000ce76700000,0x000000ce76800000)]
  0x000002bb4bd46e80 JavaThread "Notification Thread" daemon [_thread_blocked, id=16760, stack(0x000000ce76800000,0x000000ce76900000)]
  0x000002bb4bd50350 JavaThread "Common-Cleaner" daemon [_thread_blocked, id=18608, stack(0x000000ce76a00000,0x000000ce76b00000)]
  0x000002bb4bf917d0 JavaThread "Java2D Disposer" daemon [_thread_blocked, id=12920, stack(0x000000ce76b00000,0x000000ce76c00000)]
  0x000002bb4bf782c0 JavaThread "AWT-Shutdown" [_thread_blocked, id=8304, stack(0x000000ce76c00000,0x000000ce76d00000)]
  0x000002bb4bf78ae0 JavaThread "AWT-Windows" daemon [_thread_in_native, id=18744, stack(0x000000ce76d00000,0x000000ce76e00000)]
  0x000002bb4e246440 JavaThread "AWT-EventQueue-0" [_thread_in_native, id=11196, stack(0x000000ce76e00000,0x000000ce76f00000)]
  0x000002bb261fd350 JavaThread "DestroyJavaVM" [_thread_blocked, id=3392, stack(0x000000ce75800000,0x000000ce75900000)]
  0x000002bb4bff8020 JavaThread "TimerQueue" daemon [_thread_blocked, id=16332, stack(0x000000ce76f00000,0x000000ce77000000)]

Other Threads:
  0x000002bb4b185540 VMThread "VM Thread" [stack: 0x000000ce75e00000,0x000000ce75f00000] [id=1388]
  0x000002bb26269660 WatcherThread [stack: 0x000000ce76900000,0x000000ce76a00000] [id=19464]
  0x000002bb2624d6e0 GCTaskThread "GC Thread#0" [stack: 0x000000ce75900000,0x000000ce75a00000] [id=19212]
  0x000002bb4be45c80 GCTaskThread "GC Thread#1" [stack: 0x000000ce77300000,0x000000ce77400000] [id=21980]
  0x000002bb5b354580 GCTaskThread "GC Thread#2" [stack: 0x000000ce77400000,0x000000ce77500000] [id=11596]
  0x000002bb4e7ae940 GCTaskThread "GC Thread#3" [stack: 0x000000ce77500000,0x000000ce77600000] [id=19772]
  0x000002bb4e67e700 GCTaskThread "GC Thread#4" [stack: 0x000000ce77600000,0x000000ce77700000] [id=14788]
  0x000002bb2625e100 ConcurrentGCThread "G1 Main Marker" [stack: 0x000000ce75a00000,0x000000ce75b00000] [id=11496]
  0x000002bb2625eb10 ConcurrentGCThread "G1 Conc#0" [stack: 0x000000ce75b00000,0x000000ce75c00000] [id=11792]
  0x000002bb4b0434e0 ConcurrentGCThread "G1 Refine#0" [stack: 0x000000ce75c00000,0x000000ce75d00000] [id=3352]
  0x000002bb4b043f00 ConcurrentGCThread "G1 Service" [stack: 0x000000ce75d00000,0x000000ce75e00000] [id=3536]

Threads with active compile tasks:
C2 CompilerThread0    25134 1768 %     4       sun.java2d.marlin.Renderer::_endRendering @ 1108 (2480 bytes)
C1 CompilerThread0    25134 1781       1       javax.swing.AbstractButton::getDisplayedMnemonicIndex (5 bytes)

VM state: not at safepoint (normal execution)

VM Mutex/Monitor currently owned by a thread: None

Heap address: 0x0000000704200000, size: 4030 MB, Compressed Oops mode: Zero based, Oop shift amount: 3

CDS archive(s) mapped at: [0x0000000800000000-0x0000000800bc0000-0x0000000800bc0000), size 12320768, SharedBaseAddress: 0x0000000800000000, ArchiveRelocationMode: 0.
Compressed class space mapped at: 0x0000000800c00000-0x0000000840c00000, reserved size: 1073741824
Narrow klass base: 0x0000000800000000, Narrow klass shift: 0, Narrow klass range: 0x100000000

GC Precious Log:
 CPUs: 12 total, 12 available
 Memory: 16118M
 Large Page Support: Disabled
 NUMA Support: Disabled
 Compressed Oops: Enabled (Zero based)
 Heap Region Size: 2M
 Heap Min Capacity: 8M
 Heap Initial Capacity: 252M
 Heap Max Capacity: 4030M
 Pre-touch: Disabled
 Parallel Workers: 10
 Concurrent Workers: 3
 Concurrent Refinement Workers: 10
 Periodic GC: Disabled

Heap:
 garbage-first heap   total 258048K, used 126594K [0x0000000704200000, 0x0000000800000000)
  region size 2048K, 3 young (6144K), 2 survivors (4096K)
 Metaspace       used 10589K, committed 10752K, reserved 1064960K
  class space    used 1180K, committed 1280K, reserved 1048576K

Heap Regions: E=young(eden), S=young(survivor), O=old, HS=humongous(starts), HC=humongous(continues), CS=collection set, F=free, OA=open archive, CA=closed archive, TAMS=top-at-mark-start (previous, next)
|   0|0x0000000704200000, 0x0000000704400000, 0x0000000704400000|100%|HS|  |TAMS 0x0000000704200000, 0x0000000704400000| Complete 
|   1|0x0000000704400000, 0x0000000704600000, 0x0000000704600000|100%|HC|  |TAMS 0x0000000704400000, 0x0000000704600000| Complete 
|   2|0x0000000704600000, 0x0000000704800000, 0x0000000704800000|100%|HC|  |TAMS 0x0000000704600000, 0x0000000704800000| Complete 
|   3|0x0000000704800000, 0x0000000704a00000, 0x0000000704a00000|100%|HC|  |TAMS 0x0000000704800000, 0x0000000704a00000| Complete 
|   4|0x0000000704a00000, 0x0000000704c00000, 0x0000000704c00000|100%|HC|  |TAMS 0x0000000704a00000, 0x0000000704c00000| Complete 
|   5|0x0000000704c00000, 0x0000000704e00000, 0x0000000704e00000|100%|HC|  |TAMS 0x0000000704c00000, 0x0000000704e00000| Complete 
|   6|0x0000000704e00000, 0x0000000705000000, 0x0000000705000000|100%|HC|  |TAMS 0x0000000704e00000, 0x0000000705000000| Complete 
|   7|0x0000000705000000, 0x0000000705200000, 0x0000000705200000|100%|HC|  |TAMS 0x0000000705000000, 0x0000000705200000| Complete 
|   8|0x0000000705200000, 0x0000000705400000, 0x0000000705400000|100%|HC|  |TAMS 0x0000000705200000, 0x0000000705400000| Complete 
|   9|0x0000000705400000, 0x0000000705600000, 0x0000000705600000|100%|HC|  |TAMS 0x0000000705400000, 0x0000000705600000| Complete 
|  10|0x0000000705600000, 0x0000000705800000, 0x0000000705800000|100%|HC|  |TAMS 0x0000000705600000, 0x0000000705800000| Complete 
|  11|0x0000000705800000, 0x0000000705a00000, 0x0000000705a00000|100%|HC|  |TAMS 0x0000000705800000, 0x0000000705a00000| Complete 
|  12|0x0000000705a00000, 0x0000000705c00000, 0x0000000705c00000|100%|HC|  |TAMS 0x0000000705a00000, 0x0000000705c00000| Complete 
|  13|0x0000000705c00000, 0x0000000705e00000, 0x0000000705e00000|100%|HC|  |TAMS 0x0000000705c00000, 0x0000000705e00000| Complete 
|  14|0x0000000705e00000, 0x0000000706000000, 0x0000000706000000|100%|HC|  |TAMS 0x0000000705e00000, 0x0000000706000000| Complete 
|  15|0x0000000706000000, 0x0000000706200000, 0x0000000706200000|100%|HS|  |TAMS 0x0000000706000000, 0x0000000706200000| Complete 
|  16|0x0000000706200000, 0x0000000706400000, 0x0000000706400000|100%|HC|  |TAMS 0x0000000706200000, 0x0000000706400000| Complete 
|  17|0x0000000706400000, 0x0000000706600000, 0x0000000706600000|100%|HC|  |TAMS 0x0000000706400000, 0x0000000706600000| Complete 
|  18|0x0000000706600000, 0x0000000706800000, 0x0000000706800000|100%|HC|  |TAMS 0x0000000706600000, 0x0000000706800000| Complete 
|  19|0x0000000706800000, 0x0000000706a00000, 0x0000000706a00000|100%|HC|  |TAMS 0x0000000706800000, 0x0000000706a00000| Complete 
|  20|0x0000000706a00000, 0x0000000706c00000, 0x0000000706c00000|100%|HC|  |TAMS 0x0000000706a00000, 0x0000000706c00000| Complete 
|  21|0x0000000706c00000, 0x0000000706e00000, 0x0000000706e00000|100%|HC|  |TAMS 0x0000000706c00000, 0x0000000706e00000| Complete 
|  22|0x0000000706e00000, 0x0000000707000000, 0x0000000707000000|100%|HC|  |TAMS 0x0000000706e00000, 0x0000000707000000| Complete 
|  23|0x0000000707000000, 0x0000000707200000, 0x0000000707200000|100%|HC|  |TAMS 0x0000000707000000, 0x0000000707200000| Complete 
|  24|0x0000000707200000, 0x0000000707400000, 0x0000000707400000|100%|HC|  |TAMS 0x0000000707200000, 0x0000000707400000| Complete 
|  25|0x0000000707400000, 0x0000000707600000, 0x0000000707600000|100%|HC|  |TAMS 0x0000000707400000, 0x0000000707600000| Complete 
|  26|0x0000000707600000, 0x0000000707800000, 0x0000000707800000|100%|HC|  |TAMS 0x0000000707600000, 0x0000000707800000| Complete 
|  27|0x0000000707800000, 0x0000000707a00000, 0x0000000707a00000|100%|HC|  |TAMS 0x0000000707800000, 0x0000000707a00000| Complete 
|  28|0x0000000707a00000, 0x0000000707c00000, 0x0000000707c00000|100%|HC|  |TAMS 0x0000000707a00000, 0x0000000707c00000| Complete 
|  29|0x0000000707c00000, 0x0000000707e00000, 0x0000000707e00000|100%|HC|  |TAMS 0x0000000707c00000, 0x0000000707e00000| Complete 
|  30|0x0000000707e00000, 0x0000000708000000, 0x0000000708000000|100%|HS|  |TAMS 0x0000000707e00000, 0x0000000708000000| Complete 
|  31|0x0000000708000000, 0x0000000708200000, 0x0000000708200000|100%|HC|  |TAMS 0x0000000708000000, 0x0000000708200000| Complete 
|  32|0x0000000708200000, 0x0000000708400000, 0x0000000708400000|100%|HC|  |TAMS 0x0000000708200000, 0x0000000708400000| Complete 
|  33|0x0000000708400000, 0x0000000708600000, 0x0000000708600000|100%|HC|  |TAMS 0x0000000708400000, 0x0000000708600000| Complete 
|  34|0x0000000708600000, 0x0000000708800000, 0x0000000708800000|100%|HC|  |TAMS 0x0000000708600000, 0x0000000708800000| Complete 
|  35|0x0000000708800000, 0x0000000708a00000, 0x0000000708a00000|100%|HC|  |TAMS 0x0000000708800000, 0x0000000708a00000| Complete 
|  36|0x0000000708a00000, 0x0000000708c00000, 0x0000000708c00000|100%|HC|  |TAMS 0x0000000708a00000, 0x0000000708c00000| Complete 
|  37|0x0000000708c00000, 0x0000000708e00000, 0x0000000708e00000|100%|HC|  |TAMS 0x0000000708c00000, 0x0000000708e00000| Complete 
|  38|0x0000000708e00000, 0x0000000709000000, 0x0000000709000000|100%|HC|  |TAMS 0x0000000708e00000, 0x0000000709000000| Complete 
|  39|0x0000000709000000, 0x0000000709200000, 0x0000000709200000|100%|HC|  |TAMS 0x0000000709000000, 0x0000000709200000| Complete 
|  40|0x0000000709200000, 0x0000000709400000, 0x0000000709400000|100%|HC|  |TAMS 0x0000000709200000, 0x0000000709400000| Complete 
|  41|0x0000000709400000, 0x0000000709600000, 0x0000000709600000|100%|HC|  |TAMS 0x0000000709400000, 0x0000000709600000| Complete 
|  42|0x0000000709600000, 0x0000000709800000, 0x0000000709800000|100%|HC|  |TAMS 0x0000000709600000, 0x0000000709800000| Complete 
|  43|0x0000000709800000, 0x0000000709a00000, 0x0000000709a00000|100%|HC|  |TAMS 0x0000000709800000, 0x0000000709a00000| Complete 
|  44|0x0000000709a00000, 0x0000000709c00000, 0x0000000709c00000|100%|HS|  |TAMS 0x0000000709a00000, 0x0000000709a00000| Complete 
|  45|0x0000000709c00000, 0x0000000709e00000, 0x0000000709e00000|100%|HC|  |TAMS 0x0000000709c00000, 0x0000000709c00000| Complete 
|  46|0x0000000709e00000, 0x000000070a000000, 0x000000070a000000|100%|HC|  |TAMS 0x0000000709e00000, 0x0000000709e00000| Complete 
|  47|0x000000070a000000, 0x000000070a200000, 0x000000070a200000|100%|HC|  |TAMS 0x000000070a000000, 0x000000070a000000| Complete 
|  48|0x000000070a200000, 0x000000070a400000, 0x000000070a400000|100%|HC|  |TAMS 0x000000070a200000, 0x000000070a200000| Complete 
|  49|0x000000070a400000, 0x000000070a600000, 0x000000070a600000|100%|HC|  |TAMS 0x000000070a400000, 0x000000070a400000| Complete 
|  50|0x000000070a600000, 0x000000070a800000, 0x000000070a800000|100%|HC|  |TAMS 0x000000070a600000, 0x000000070a600000| Complete 
|  51|0x000000070a800000, 0x000000070aa00000, 0x000000070aa00000|100%|HC|  |TAMS 0x000000070a800000, 0x000000070a800000| Complete 
|  52|0x000000070aa00000, 0x000000070ac00000, 0x000000070ac00000|100%|HC|  |TAMS 0x000000070aa00000, 0x000000070aa00000| Complete 
|  53|0x000000070ac00000, 0x000000070ae00000, 0x000000070ae00000|100%|HC|  |TAMS 0x000000070ac00000, 0x000000070ac00000| Complete 
|  54|0x000000070ae00000, 0x000000070b000000, 0x000000070b000000|100%|HC|  |TAMS 0x000000070ae00000, 0x000000070ae00000| Complete 
|  55|0x000000070b000000, 0x000000070b200000, 0x000000070b200000|100%|HC|  |TAMS 0x000000070b000000, 0x000000070b000000| Complete 
|  56|0x000000070b200000, 0x000000070b400000, 0x000000070b400000|100%|HC|  |TAMS 0x000000070b200000, 0x000000070b200000| Complete 
|  57|0x000000070b400000, 0x000000070b600000, 0x000000070b600000|100%|HC|  |TAMS 0x000000070b400000, 0x000000070b400000| Complete 
|  58|0x000000070b600000, 0x000000070b800000, 0x000000070b800000|100%|HC|  |TAMS 0x000000070b600000, 0x000000070b600000| Complete 
|  59|0x000000070b800000, 0x000000070ba00000, 0x000000070ba00000|100%|HC|  |TAMS 0x000000070b800000, 0x000000070b800000| Complete 
|  60|0x000000070ba00000, 0x000000070ba00000, 0x000000070bc00000|  0%| F|  |TAMS 0x000000070ba00000, 0x000000070ba00000| Untracked 
|  61|0x000000070bc00000, 0x000000070bc00000, 0x000000070be00000|  0%| F|  |TAMS 0x000000070bc00000, 0x000000070bc00000| Untracked 
|  62|0x000000070be00000, 0x000000070be00000, 0x000000070c000000|  0%| F|  |TAMS 0x000000070be00000, 0x000000070be00000| Untracked 
|  63|0x000000070c000000, 0x000000070c000000, 0x000000070c200000|  0%| F|  |TAMS 0x000000070c000000, 0x000000070c000000| Untracked 
|  64|0x000000070c200000, 0x000000070c200000, 0x000000070c400000|  0%| F|  |TAMS 0x000000070c200000, 0x000000070c200000| Untracked 
|  65|0x000000070c400000, 0x000000070c400000, 0x000000070c600000|  0%| F|  |TAMS 0x000000070c400000, 0x000000070c400000| Untracked 
|  66|0x000000070c600000, 0x000000070c600000, 0x000000070c800000|  0%| F|  |TAMS 0x000000070c600000, 0x000000070c600000| Untracked 
|  67|0x000000070c800000, 0x000000070c800000, 0x000000070ca00000|  0%| F|  |TAMS 0x000000070c800000, 0x000000070c800000| Untracked 
|  68|0x000000070ca00000, 0x000000070ca00000, 0x000000070cc00000|  0%| F|  |TAMS 0x000000070ca00000, 0x000000070ca00000| Untracked 
|  69|0x000000070cc00000, 0x000000070cc00000, 0x000000070ce00000|  0%| F|  |TAMS 0x000000070cc00000, 0x000000070cc00000| Untracked 
|  70|0x000000070ce00000, 0x000000070ce00000, 0x000000070d000000|  0%| F|  |TAMS 0x000000070ce00000, 0x000000070ce00000| Untracked 
|  71|0x000000070d000000, 0x000000070d000000, 0x000000070d200000|  0%| F|  |TAMS 0x000000070d000000, 0x000000070d000000| Untracked 
|  72|0x000000070d200000, 0x000000070d200000, 0x000000070d400000|  0%| F|  |TAMS 0x000000070d200000, 0x000000070d200000| Untracked 
|  73|0x000000070d400000, 0x000000070d400000, 0x000000070d600000|  0%| F|  |TAMS 0x000000070d400000, 0x000000070d400000| Untracked 
|  74|0x000000070d600000, 0x000000070d600000, 0x000000070d800000|  0%| F|  |TAMS 0x000000070d600000, 0x000000070d600000| Untracked 
|  75|0x000000070d800000, 0x000000070d800000, 0x000000070da00000|  0%| F|  |TAMS 0x000000070d800000, 0x000000070d800000| Untracked 
|  76|0x000000070da00000, 0x000000070da00000, 0x000000070dc00000|  0%| F|  |TAMS 0x000000070da00000, 0x000000070da00000| Untracked 
|  77|0x000000070dc00000, 0x000000070dc00000, 0x000000070de00000|  0%| F|  |TAMS 0x000000070dc00000, 0x000000070dc00000| Untracked 
|  78|0x000000070de00000, 0x000000070de00000, 0x000000070e000000|  0%| F|  |TAMS 0x000000070de00000, 0x000000070de00000| Untracked 
|  79|0x000000070e000000, 0x000000070e000000, 0x000000070e200000|  0%| F|  |TAMS 0x000000070e000000, 0x000000070e000000| Untracked 
|  80|0x000000070e200000, 0x000000070e200000, 0x000000070e400000|  0%| F|  |TAMS 0x000000070e200000, 0x000000070e200000| Untracked 
|  81|0x000000070e400000, 0x000000070e400000, 0x000000070e600000|  0%| F|  |TAMS 0x000000070e400000, 0x000000070e400000| Untracked 
|  82|0x000000070e600000, 0x000000070e600000, 0x000000070e800000|  0%| F|  |TAMS 0x000000070e600000, 0x000000070e600000| Untracked 
|  83|0x000000070e800000, 0x000000070e800000, 0x000000070ea00000|  0%| F|  |TAMS 0x000000070e800000, 0x000000070e800000| Untracked 
|  84|0x000000070ea00000, 0x000000070ea00000, 0x000000070ec00000|  0%| F|  |TAMS 0x000000070ea00000, 0x000000070ea00000| Untracked 
|  85|0x000000070ec00000, 0x000000070ec00000, 0x000000070ee00000|  0%| F|  |TAMS 0x000000070ec00000, 0x000000070ec00000| Untracked 
|  86|0x000000070ee00000, 0x000000070ee00000, 0x000000070f000000|  0%| F|  |TAMS 0x000000070ee00000, 0x000000070ee00000| Untracked 
|  87|0x000000070f000000, 0x000000070f000000, 0x000000070f200000|  0%| F|  |TAMS 0x000000070f000000, 0x000000070f000000| Untracked 
|  88|0x000000070f200000, 0x000000070f200000, 0x000000070f400000|  0%| F|  |TAMS 0x000000070f200000, 0x000000070f200000| Untracked 
|  89|0x000000070f400000, 0x000000070f400000, 0x000000070f600000|  0%| F|  |TAMS 0x000000070f400000, 0x000000070f400000| Untracked 
|  90|0x000000070f600000, 0x000000070f600000, 0x000000070f800000|  0%| F|  |TAMS 0x000000070f600000, 0x000000070f600000| Untracked 
|  91|0x000000070f800000, 0x000000070f800000, 0x000000070fa00000|  0%| F|  |TAMS 0x000000070f800000, 0x000000070f800000| Untracked 
|  92|0x000000070fa00000, 0x000000070fa00000, 0x000000070fc00000|  0%| F|  |TAMS 0x000000070fa00000, 0x000000070fa00000| Untracked 
|  93|0x000000070fc00000, 0x000000070fc00000, 0x000000070fe00000|  0%| F|  |TAMS 0x000000070fc00000, 0x000000070fc00000| Untracked 
|  94|0x000000070fe00000, 0x000000070fe00000, 0x0000000710000000|  0%| F|  |TAMS 0x000000070fe00000, 0x000000070fe00000| Untracked 
|  95|0x0000000710000000, 0x0000000710000000, 0x0000000710200000|  0%| F|  |TAMS 0x0000000710000000, 0x0000000710000000| Untracked 
|  96|0x0000000710200000, 0x0000000710200000, 0x0000000710400000|  0%| F|  |TAMS 0x0000000710200000, 0x0000000710200000| Untracked 
|  97|0x0000000710400000, 0x0000000710400000, 0x0000000710600000|  0%| F|  |TAMS 0x0000000710400000, 0x0000000710400000| Untracked 
|  98|0x0000000710600000, 0x0000000710600000, 0x0000000710800000|  0%| F|  |TAMS 0x0000000710600000, 0x0000000710600000| Untracked 
|  99|0x0000000710800000, 0x0000000710800000, 0x0000000710a00000|  0%| F|  |TAMS 0x0000000710800000, 0x0000000710800000| Untracked 
| 100|0x0000000710a00000, 0x0000000710a00000, 0x0000000710c00000|  0%| F|  |TAMS 0x0000000710a00000, 0x0000000710a00000| Untracked 
| 101|0x0000000710c00000, 0x0000000710c00000, 0x0000000710e00000|  0%| F|  |TAMS 0x0000000710c00000, 0x0000000710c00000| Untracked 
| 102|0x0000000710e00000, 0x0000000710e00000, 0x0000000711000000|  0%| F|  |TAMS 0x0000000710e00000, 0x0000000710e00000| Untracked 
| 103|0x0000000711000000, 0x0000000711000000, 0x0000000711200000|  0%| F|  |TAMS 0x0000000711000000, 0x0000000711000000| Untracked 
| 104|0x0000000711200000, 0x0000000711200000, 0x0000000711400000|  0%| F|  |TAMS 0x0000000711200000, 0x0000000711200000| Untracked 
| 105|0x0000000711400000, 0x0000000711400000, 0x0000000711600000|  0%| F|  |TAMS 0x0000000711400000, 0x0000000711400000| Untracked 
| 106|0x0000000711600000, 0x0000000711600000, 0x0000000711800000|  0%| F|  |TAMS 0x0000000711600000, 0x0000000711600000| Untracked 
| 107|0x0000000711800000, 0x0000000711800000, 0x0000000711a00000|  0%| F|  |TAMS 0x0000000711800000, 0x0000000711800000| Untracked 
| 108|0x0000000711a00000, 0x0000000711a00000, 0x0000000711c00000|  0%| F|  |TAMS 0x0000000711a00000, 0x0000000711a00000| Untracked 
| 109|0x0000000711c00000, 0x0000000711c00000, 0x0000000711e00000|  0%| F|  |TAMS 0x0000000711c00000, 0x0000000711c00000| Untracked 
| 110|0x0000000711e00000, 0x0000000711e00000, 0x0000000712000000|  0%| F|  |TAMS 0x0000000711e00000, 0x0000000711e00000| Untracked 
| 111|0x0000000712000000, 0x0000000712000000, 0x0000000712200000|  0%| F|  |TAMS 0x0000000712000000, 0x0000000712000000| Untracked 
| 112|0x0000000712200000, 0x0000000712200000, 0x0000000712400000|  0%| F|  |TAMS 0x0000000712200000, 0x0000000712200000| Untracked 
| 113|0x0000000712400000, 0x0000000712400000, 0x0000000712600000|  0%| F|  |TAMS 0x0000000712400000, 0x0000000712400000| Untracked 
| 114|0x0000000712600000, 0x00000007127a0ad8, 0x0000000712800000| 81%| S|CS|TAMS 0x0000000712600000, 0x0000000712600000| Complete 
| 115|0x0000000712800000, 0x0000000712a00000, 0x0000000712a00000|100%| S|CS|TAMS 0x0000000712800000, 0x0000000712800000| Complete 
| 116|0x0000000712a00000, 0x0000000712a00000, 0x0000000712c00000|  0%| F|  |TAMS 0x0000000712a00000, 0x0000000712a00000| Untracked 
| 117|0x0000000712c00000, 0x0000000712c00000, 0x0000000712e00000|  0%| F|  |TAMS 0x0000000712c00000, 0x0000000712c00000| Untracked 
| 118|0x0000000712e00000, 0x0000000712e00000, 0x0000000713000000|  0%| F|  |TAMS 0x0000000712e00000, 0x0000000712e00000| Untracked 
| 119|0x0000000713000000, 0x0000000713000000, 0x0000000713200000|  0%| F|  |TAMS 0x0000000713000000, 0x0000000713000000| Untracked 
| 120|0x0000000713200000, 0x0000000713200000, 0x0000000713400000|  0%| F|  |TAMS 0x0000000713200000, 0x0000000713200000| Untracked 
| 121|0x0000000713400000, 0x0000000713400000, 0x0000000713600000|  0%| F|  |TAMS 0x0000000713400000, 0x0000000713400000| Untracked 
| 122|0x0000000713600000, 0x0000000713600000, 0x0000000713800000|  0%| F|  |TAMS 0x0000000713600000, 0x0000000713600000| Untracked 
| 123|0x0000000713800000, 0x0000000713800000, 0x0000000713a00000|  0%| F|  |TAMS 0x0000000713800000, 0x0000000713800000| Untracked 
| 124|0x0000000713a00000, 0x0000000713a00000, 0x0000000713c00000|  0%| F|  |TAMS 0x0000000713a00000, 0x0000000713a00000| Untracked 
| 125|0x0000000713c00000, 0x0000000713e00000, 0x0000000713e00000|100%| E|  |TAMS 0x0000000713c00000, 0x0000000713c00000| Complete 

Card table byte_map: [0x000002bb3f6d0000,0x000002bb3feb0000] _byte_map_base: 0x000002bb3beaf000

Marking Bits (Prev, Next): (CMBitMap*) 0x000002bb2624dc00, (CMBitMap*) 0x000002bb2624dc40
 Prev Bits: [0x000002bb40690000, 0x000002bb44588000)
 Next Bits: [0x000002bb44590000, 0x000002bb48488000)

Polling page: 0x000002bb262e0000

Metaspace:

Usage:
  Non-class:      9.19 MB used.
      Class:      1.15 MB used.
       Both:     10.34 MB used.

Virtual space:
  Non-class space:       16.00 MB reserved,       9.25 MB ( 58%) committed,  2 nodes.
      Class space:        1.00 GB reserved,       1.25 MB ( <1%) committed,  1 nodes.
             Both:        1.02 GB reserved,      10.50 MB (  1%) committed. 

Chunk freelists:
   Non-Class:  2.45 MB
       Class:  2.73 MB
        Both:  5.18 MB

MaxMetaspaceSize: unlimited
CompressedClassSpaceSize: 1.00 GB
Initial GC threshold: 21.00 MB
Current GC threshold: 21.00 MB
CDS: on
MetaspaceReclaimPolicy: balanced
 - commit_granule_bytes: 65536.
 - commit_granule_words: 8192.
 - virtual_space_node_default_size: 1048576.
 - enlarge_chunks_in_place: 1.
 - new_chunks_are_fully_committed: 0.
 - uncommit_free_chunks: 1.
 - use_allocation_guard: 0.
 - handle_deallocations: 1.


Internal statistics:

num_allocs_failed_limit: 0.
num_arena_births: 124.
num_arena_deaths: 0.
num_vsnodes_births: 3.
num_vsnodes_deaths: 0.
num_space_committed: 168.
num_space_uncommitted: 0.
num_chunks_returned_to_freelist: 0.
num_chunks_taken_from_freelist: 178.
num_chunk_merges: 0.
num_chunk_splits: 99.
num_chunks_enlarged: 36.
num_purges: 0.
num_inconsistent_stats: 0.

CodeHeap 'non-profiled nmethods': size=120000Kb used=621Kb max_used=621Kb free=119379Kb
 bounds [0x000002bb36d30000, 0x000002bb36fa0000, 0x000002bb3e260000]
CodeHeap 'profiled nmethods': size=120000Kb used=3596Kb max_used=3596Kb free=116403Kb
 bounds [0x000002bb2f800000, 0x000002bb2fb90000, 0x000002bb36d30000]
CodeHeap 'non-nmethods': size=5760Kb used=1311Kb max_used=1351Kb free=4448Kb
 bounds [0x000002bb2f260000, 0x000002bb2f4d0000, 0x000002bb2f800000]
 total_blobs=2424 nmethods=1776 adapters=560
 compilation: enabled
              stopped_count=0, restarted_count=0
 full_count=0

Compilation events (20 events):
Event: 23.707 Thread 0x000002bb4b1b0700 nmethod 1762% 0x000002bb36dbc790 code [0x000002bb36dbc9e0, 0x000002bb36dc1170]
Event: 23.708 Thread 0x000002bb4b1b0700 1763       4       sun.java2d.marlin.MarlinTileGenerator::getAlphaRLE (1749 bytes)
Event: 23.932 Thread 0x000002bb4b1b0700 nmethod 1763 0x000002bb36dc4290 code [0x000002bb36dc4500, 0x000002bb36dc7aa8]
Event: 24.321 Thread 0x000002bb4bc20e80 1765  s    3       sun.java2d.ScreenUpdateManager::getInstance (39 bytes)
Event: 24.322 Thread 0x000002bb4b1b0700 1766  s    4       sun.java2d.loops.GraphicsPrimitive::makeUniqueID (26 bytes)
Event: 24.325 Thread 0x000002bb4bc20e80 nmethod 1765 0x000002bb2fb7b090 code [0x000002bb2fb7b340, 0x000002bb2fb7c448]
Event: 24.326 Thread 0x000002bb4b1b0700 nmethod 1766 0x000002bb36dca390 code [0x000002bb36dca520, 0x000002bb36dca718]
Event: 24.847 Thread 0x000002bb4bc20e80 1767       3       java.awt.EventQueue::postEvent (13 bytes)
Event: 24.848 Thread 0x000002bb4bc20e80 nmethod 1767 0x000002bb2fb7c910 code [0x000002bb2fb7cae0, 0x000002bb2fb7ce48]
Event: 24.959 Thread 0x000002bb4b1b0700 1768 %     4       sun.java2d.marlin.Renderer::_endRendering @ 1108 (2480 bytes)
Event: 24.959 Thread 0x000002bb4bc20e80 1769       3       sun.java2d.pipe.AlphaColorPipe::skipTile (1 bytes)
Event: 24.960 Thread 0x000002bb4bc20e80 nmethod 1769 0x000002bb2fb7cf90 code [0x000002bb2fb7d120, 0x000002bb2fb7d238]
Event: 24.961 Thread 0x000002bb4bc20e80 1770   !   3       sun.awt.image.SurfaceManager::getManager (47 bytes)
Event: 24.962 Thread 0x000002bb4bc20e80 nmethod 1770 0x000002bb2fb7d310 code [0x000002bb2fb7d520, 0x000002bb2fb7dc98]
Event: 24.962 Thread 0x000002bb4bc20e80 1771       3       java.awt.Image$1::getSurfaceManager (5 bytes)
Event: 24.962 Thread 0x000002bb4bc20e80 nmethod 1771 0x000002bb2fb7e010 code [0x000002bb2fb7e1a0, 0x000002bb2fb7e2b8]
Event: 25.015 Thread 0x000002bb4bc20e80 1773  s    3       sun.java2d.loops.GraphicsPrimitiveMgr::locatePrim (95 bytes)
Event: 25.016 Thread 0x000002bb4bc20e80 nmethod 1773 0x000002bb2fb7e390 code [0x000002bb2fb7e5a0, 0x000002bb2fb7ee08]
Event: 25.016 Thread 0x000002bb4bc20e80 1774       1       sun.awt.Win32GraphicsDevice::getScreen (5 bytes)
Event: 25.016 Thread 0x000002bb4bc20e80 nmethod 1774 0x000002bb36dca810 code [0x000002bb36dca9a0, 0x000002bb36dcaa78]

GC Heap History (0 events):
No events

Deoptimization events (20 events):
Event: 23.561 Thread 0x000002bb4e246440 DEOPT PACKING pc=0x000002bb2f9f574a sp=0x000000ce76efcd80
Event: 23.561 Thread 0x000002bb4e246440 DEOPT UNPACKING pc=0x000002bb2f2b2b43 sp=0x000000ce76efc180 mode 0
Event: 23.562 Thread 0x000002bb4e246440 DEOPT PACKING pc=0x000002bb2f9f574a sp=0x000000ce76efcd80
Event: 23.562 Thread 0x000002bb4e246440 DEOPT UNPACKING pc=0x000002bb2f2b2b43 sp=0x000000ce76efc180 mode 0
Event: 23.563 Thread 0x000002bb4e246440 DEOPT PACKING pc=0x000002bb2f9f5322 sp=0x000000ce76efcd80
Event: 23.563 Thread 0x000002bb4e246440 DEOPT UNPACKING pc=0x000002bb2f2b2b43 sp=0x000000ce76efc178 mode 0
Event: 23.564 Thread 0x000002bb4e246440 DEOPT PACKING pc=0x000002bb2f9f5322 sp=0x000000ce76efcd80
Event: 23.564 Thread 0x000002bb4e246440 DEOPT UNPACKING pc=0x000002bb2f2b2b43 sp=0x000000ce76efc178 mode 0
Event: 24.856 Thread 0x000002bb4e246440 Uncommon trap: trap_request=0xffffff45 fr.pc=0x000002bb36d9cbd8 relative=0x0000000000000b38
Event: 24.856 Thread 0x000002bb4e246440 Uncommon trap: reason=unstable_if action=reinterpret pc=0x000002bb36d9cbd8 method=java.awt.Container.findComponentAtImpl(IIZ)Ljava/awt/Component; @ 6 c2
Event: 24.857 Thread 0x000002bb4e246440 DEOPT PACKING pc=0x000002bb36d9cbd8 sp=0x000000ce76efe620
Event: 24.857 Thread 0x000002bb4e246440 DEOPT UNPACKING pc=0x000002bb2f2b23a3 sp=0x000000ce76efe5d0 mode 2
Event: 24.959 Thread 0x000002bb4e246440 DEOPT PACKING pc=0x000002bb2fa1d2f7 sp=0x000000ce76efcb80
Event: 24.959 Thread 0x000002bb4e246440 DEOPT UNPACKING pc=0x000002bb2f2b2b43 sp=0x000000ce76efbf60 mode 0
Event: 24.960 Thread 0x000002bb4e246440 DEOPT PACKING pc=0x000002bb2fa1d2f7 sp=0x000000ce76efcac0
Event: 24.960 Thread 0x000002bb4e246440 DEOPT UNPACKING pc=0x000002bb2f2b2b43 sp=0x000000ce76efbea0 mode 0
Event: 24.960 Thread 0x000002bb4e246440 DEOPT PACKING pc=0x000002bb2fa1ce81 sp=0x000000ce76efcac0
Event: 24.960 Thread 0x000002bb4e246440 DEOPT UNPACKING pc=0x000002bb2f2b2b43 sp=0x000000ce76efbea0 mode 0
Event: 25.056 Thread 0x000002bb4e246440 DEOPT PACKING pc=0x000002bb2fa1d2f7 sp=0x000000ce76efcb80
Event: 25.056 Thread 0x000002bb4e246440 DEOPT UNPACKING pc=0x000002bb2f2b2b43 sp=0x000000ce76efbf60 mode 0

Classes unloaded (0 events):
No events

Classes redefined (0 events):
No events

Internal exceptions (16 events):
Event: 0.180 Thread 0x000002bb261fd350 Exception <a 'java/lang/ClassNotFoundException'{0x0000000713db2ca8}: sun/awt/resources/spi/awtProvider> (0x0000000713db2ca8) 
thrown [t:\workspace\open\src\hotspot\share\classfile\systemDictionary.cpp, line 256]
Event: 0.231 Thread 0x000002bb261fd350 Exception <a 'java/io/FileNotFoundException'{0x0000000713a0c0f0}> (0x0000000713a0c0f0) 
thrown [t:\workspace\open\src\hotspot\share\prims\jni.cpp, line 516]
Event: 0.251 Thread 0x000002bb261fd350 Exception <a 'java/io/FileNotFoundException'{0x0000000713a39050}> (0x0000000713a39050) 
thrown [t:\workspace\open\src\hotspot\share\prims\jni.cpp, line 516]
Event: 0.334 Thread 0x000002bb261fd350 Exception <a 'java/lang/NoSuchMethodError'{0x0000000713a831d8}: 'java.lang.Object java.lang.invoke.DirectMethodHandle$Holder.invokeStaticInit(java.lang.Object)'> (0x0000000713a831d8) 
thrown [t:\workspace\open\src\hotspot\share\interpreter\linkResolver.cpp, line 766]
Event: 0.401 Thread 0x000002bb261fd350 Exception <a 'java/lang/NoSuchMethodError'{0x0000000713acd110}: 'void java.lang.invoke.DirectMethodHandle$Holder.invokeSpecial(java.lang.Object, java.lang.Object, java.lang.Object)'> (0x0000000713acd110) 
thrown [t:\workspace\open\src\hotspot\share\interpreter\linkResolver.cpp, line 766]
Event: 0.419 Thread 0x000002bb261fd350 Exception <a 'java/lang/NoSuchMethodError'{0x0000000713b67f78}: 'java.lang.Object java.lang.invoke.DirectMethodHandle$Holder.newInvokeSpecial(java.lang.Object, java.lang.Object, java.lang.Object, java.lang.Object, java.lang.Object)'> (0x0000000713b67f78) 
thrown [t:\workspace\open\src\hotspot\share\interpreter\linkResolver.cpp, line 766]
Event: 0.423 Thread 0x000002bb261fd350 Exception <a 'java/lang/NoSuchMethodError'{0x0000000713b73940}: 'java.lang.Object java.lang.invoke.DirectMethodHandle$Holder.invokeStatic(java.lang.Object, int, java.lang.Object, java.lang.Object, java.lang.Object, java.lang.Object)'> (0x0000000713b73940) 
thrown [t:\workspace\open\src\hotspot\share\interpreter\linkResolver.cpp, line 766]
Event: 0.437 Thread 0x000002bb261fd350 Exception <a 'java/lang/NoSuchMethodError'{0x0000000713b991f0}: 'java.lang.Object java.lang.invoke.DirectMethodHandle$Holder.invokeStatic(java.lang.Object, int, java.lang.Object)'> (0x0000000713b991f0) 
thrown [t:\workspace\open\src\hotspot\share\interpreter\linkResolver.cpp, line 766]
Event: 0.504 Thread 0x000002bb261fd350 Exception <a 'java/lang/ClassNotFoundException'{0x0000000713851058}: com/sun/swing/internal/plaf/metal/resources/spi/metalProvider> (0x0000000713851058) 
thrown [t:\workspace\open\src\hotspot\share\classfile\systemDictionary.cpp, line 256]
Event: 0.505 Thread 0x000002bb261fd350 Exception <a 'java/lang/ClassNotFoundException'{0x0000000713854f30}: com/sun/swing/internal/plaf/basic/resources/spi/basicProvider> (0x0000000713854f30) 
thrown [t:\workspace\open\src\hotspot\share\classfile\systemDictionary.cpp, line 256]
Event: 0.565 Thread 0x000002bb4bf78ae0 Exception <a 'java/lang/NoSuchMethodError'{0x0000000713af1260}: 'void java.lang.invoke.DirectMethodHandle$Holder.invokeVirtual(java.lang.Object, java.lang.Object)'> (0x0000000713af1260) 
thrown [t:\workspace\open\src\hotspot\share\interpreter\linkResolver.cpp, line 766]
Event: 0.587 Thread 0x000002bb261fd350 Exception <a 'java/lang/NoSuchMethodError'{0x0000000713899a70}: 'void java.lang.invoke.DirectMethodHandle$Holder.invokeStaticInit(java.lang.Object)'> (0x0000000713899a70) 
thrown [t:\workspace\open\src\hotspot\share\interpreter\linkResolver.cpp, line 766]
Event: 1.318 Thread 0x000002bb4e246440 Implicit null exception at 0x000002bb36d6ad8d to 0x000002bb36d6ae08
Event: 1.319 Thread 0x000002bb4e246440 Implicit null exception at 0x000002bb36d65f80 to 0x000002bb36d65ff4
Event: 11.378 Thread 0x000002bb4bffb040 Exception <a 'java/lang/NoSuchMethodError'{0x0000000712c0cc50}: 'java.lang.Object java.lang.invoke.DirectMethodHandle$Holder.newInvokeSpecial(java.lang.Object, java.lang.Object, java.lang.Object, int, int, int, int, int)'> (0x0000000712c0cc50) 
thrown [t:\workspace\open\src\hotspot\share\interpreter\linkResolver.cpp, line 766]
Event: 11.564 Thread 0x000002bb4e246440 Exception <a 'java/lang/NoSuchMethodError'{0x0000000712c7c3e8}: 'int java.lang.invoke.DirectMethodHandle$Holder.invokeStatic(java.lang.Object)'> (0x0000000712c7c3e8) 
thrown [t:\workspace\open\src\hotspot\share\interpreter\linkResolver.cpp, line 766]

VM Operations (20 events):
Event: 16.406 Executing VM operation: Cleanup
Event: 16.406 Executing VM operation: Cleanup done
Event: 17.409 Executing VM operation: Cleanup
Event: 17.409 Executing VM operation: Cleanup done
Event: 18.414 Executing VM operation: Cleanup
Event: 18.414 Executing VM operation: Cleanup done
Event: 18.775 Executing VM operation: HandshakeAllThreads
Event: 18.775 Executing VM operation: HandshakeAllThreads done
Event: 18.813 Executing VM operation: HandshakeAllThreads
Event: 18.814 Executing VM operation: HandshakeAllThreads done
Event: 19.817 Executing VM operation: Cleanup
Event: 19.818 Executing VM operation: Cleanup done
Event: 20.829 Executing VM operation: Cleanup
Event: 20.830 Executing VM operation: Cleanup done
Event: 21.831 Executing VM operation: Cleanup
Event: 21.831 Executing VM operation: Cleanup done
Event: 22.845 Executing VM operation: Cleanup
Event: 22.845 Executing VM operation: Cleanup done
Event: 23.847 Executing VM operation: Cleanup
Event: 23.847 Executing VM operation: Cleanup done

Events (20 events):
Event: 18.876 loading class javax/swing/JTable$2
Event: 18.876 loading class javax/swing/JTable$Resizable3
Event: 18.876 loading class javax/swing/JTable$Resizable2
Event: 18.876 loading class javax/swing/JTable$Resizable2 done
Event: 18.876 loading class javax/swing/JTable$Resizable3 done
Event: 18.876 loading class javax/swing/JTable$2 done
Event: 18.876 loading class javax/swing/JTable$5
Event: 18.877 loading class javax/swing/JTable$5 done
Event: 18.936 loading class javax/swing/JTable$PrintMode
Event: 18.936 loading class javax/swing/JTable$PrintMode done
Event: 18.937 loading class javax/swing/table/DefaultTableCellRenderer$UIResource
Event: 18.937 loading class javax/swing/table/DefaultTableCellRenderer$UIResource done
Event: 20.498 loading class javax/swing/Autoscroller
Event: 20.498 loading class javax/swing/Autoscroller done
Event: 24.319 loading class java/util/WeakHashMap$KeyIterator
Event: 24.319 loading class java/util/WeakHashMap$HashIterator
Event: 24.319 loading class java/util/WeakHashMap$HashIterator done
Event: 24.319 loading class java/util/WeakHashMap$KeyIterator done
Event: 24.320 loading class javax/swing/RepaintManager$DisplayChangedRunnable
Event: 24.320 loading class javax/swing/RepaintManager$DisplayChangedRunnable done


Dynamic libraries:
0x00007ff77a5e0000 - 0x00007ff77a5f0000 	C:\Program Files\Java\jdk-17.0.2\bin\java.exe
0x00007ffba4a00000 - 0x00007ffba4c09000 	C:\WINDOWS\SYSTEM32\ntdll.dll
0x00007ffba3ce0000 - 0x00007ffba3d9d000 	C:\WINDOWS\System32\KERNEL32.DLL
0x00007ffba2470000 - 0x00007ffba27e4000 	C:\WINDOWS\System32\KERNELBASE.dll
0x00007ffba1ef0000 - 0x00007ffba2001000 	C:\WINDOWS\System32\ucrtbase.dll
0x00007ffb8f0d0000 - 0x00007ffb8f0e8000 	C:\Program Files\Java\jdk-17.0.2\bin\jli.dll
0x00007ffb8e930000 - 0x00007ffb8e94a000 	C:\Program Files\Java\jdk-17.0.2\bin\VCRUNTIME140.dll
0x00007ffba4020000 - 0x00007ffba40ce000 	C:\WINDOWS\System32\ADVAPI32.dll
0x00007ffba4450000 - 0x00007ffba44f3000 	C:\WINDOWS\System32\msvcrt.dll
0x00007ffba28b0000 - 0x00007ffba294e000 	C:\WINDOWS\System32\sechost.dll
0x00007ffba3f00000 - 0x00007ffba4020000 	C:\WINDOWS\System32\RPCRT4.dll
0x00007ffba3830000 - 0x00007ffba39dc000 	C:\WINDOWS\System32\USER32.dll
0x00007ffb82780000 - 0x00007ffb82a25000 	C:\WINDOWS\WinSxS\amd64_microsoft.windows.common-controls_6595b64144ccf1df_6.0.22000.120_none_9d947278b86cc467\COMCTL32.dll
0x00007ffba2870000 - 0x00007ffba2896000 	C:\WINDOWS\System32\win32u.dll
0x00007ffba2950000 - 0x00007ffba2979000 	C:\WINDOWS\System32\GDI32.dll
0x00007ffba20d0000 - 0x00007ffba21e2000 	C:\WINDOWS\System32\gdi32full.dll
0x00007ffb972d0000 - 0x00007ffb972da000 	C:\WINDOWS\SYSTEM32\VERSION.dll
0x00007ffba21f0000 - 0x00007ffba228d000 	C:\WINDOWS\System32\msvcp_win.dll
0x00007ffba4980000 - 0x00007ffba49b1000 	C:\WINDOWS\System32\IMM32.DLL
0x00007ffb8ebf0000 - 0x00007ffb8ebfc000 	C:\Program Files\Java\jdk-17.0.2\bin\vcruntime140_1.dll
0x00007ffb85d30000 - 0x00007ffb85dbd000 	C:\Program Files\Java\jdk-17.0.2\bin\msvcp140.dll
0x00007ffb5af30000 - 0x00007ffb5baf1000 	C:\Program Files\Java\jdk-17.0.2\bin\server\jvm.dll
0x00007ffba3810000 - 0x00007ffba3818000 	C:\WINDOWS\System32\PSAPI.DLL
0x00007ffb7af50000 - 0x00007ffb7af59000 	C:\WINDOWS\SYSTEM32\WSOCK32.dll
0x00007ffb9a3c0000 - 0x00007ffb9a3f3000 	C:\WINDOWS\SYSTEM32\WINMM.dll
0x00007ffba4810000 - 0x00007ffba487f000 	C:\WINDOWS\System32\WS2_32.dll
0x00007ffba10a0000 - 0x00007ffba10b8000 	C:\WINDOWS\SYSTEM32\kernel.appcore.dll
0x00007ffb8dc30000 - 0x00007ffb8dc3a000 	C:\Program Files\Java\jdk-17.0.2\bin\jimage.dll
0x00007ffb9f9b0000 - 0x00007ffb9fbd1000 	C:\WINDOWS\SYSTEM32\DBGHELP.DLL
0x00007ffb8eb20000 - 0x00007ffb8eb51000 	C:\WINDOWS\SYSTEM32\dbgcore.DLL
0x00007ffba27f0000 - 0x00007ffba286f000 	C:\WINDOWS\System32\bcryptPrimitives.dll
0x00007ffb8b890000 - 0x00007ffb8b8b5000 	C:\Program Files\Java\jdk-17.0.2\bin\java.dll
0x00007ffb627e0000 - 0x00007ffb628b6000 	C:\Program Files\Java\jdk-17.0.2\bin\jsvml.dll
0x00007ffba2bf0000 - 0x00007ffba339e000 	C:\WINDOWS\System32\SHELL32.dll
0x00007ffb9fff0000 - 0x00007ffba0858000 	C:\WINDOWS\SYSTEM32\windows.storage.dll
0x00007ffba40d0000 - 0x00007ffba4448000 	C:\WINDOWS\System32\combase.dll
0x00007ffb9fe80000 - 0x00007ffb9ffe6000 	C:\WINDOWS\SYSTEM32\wintypes.dll
0x00007ffba39e0000 - 0x00007ffba3aca000 	C:\WINDOWS\System32\SHCORE.dll
0x00007ffba3ad0000 - 0x00007ffba3b2d000 	C:\WINDOWS\System32\shlwapi.dll
0x00007ffba1e20000 - 0x00007ffba1e41000 	C:\WINDOWS\SYSTEM32\profapi.dll
0x00007ffb8ba00000 - 0x00007ffb8ba19000 	C:\Program Files\Java\jdk-17.0.2\bin\net.dll
0x00007ffb99fd0000 - 0x00007ffb9a0dc000 	C:\WINDOWS\SYSTEM32\WINHTTP.dll
0x00007ffba14c0000 - 0x00007ffba1527000 	C:\WINDOWS\system32\mswsock.dll
0x00007ffb8b9b0000 - 0x00007ffb8b9c6000 	C:\Program Files\Java\jdk-17.0.2\bin\nio.dll
0x00007ffb88a20000 - 0x00007ffb88a38000 	C:\Program Files\Java\jdk-17.0.2\bin\zip.dll
0x00007ffb62650000 - 0x00007ffb627df000 	C:\Program Files\Java\jdk-17.0.2\bin\awt.dll
0x00007ffba4880000 - 0x00007ffba4956000 	C:\WINDOWS\System32\OLEAUT32.dll
0x00007ffb9ebf0000 - 0x00007ffb9ec81000 	C:\WINDOWS\SYSTEM32\apphelp.dll
0x00007ffb9ef10000 - 0x00007ffb9ef3f000 	C:\WINDOWS\system32\DWMAPI.DLL
0x00007ffb9ecb0000 - 0x00007ffb9ed5c000 	C:\WINDOWS\system32\uxtheme.dll
0x00007ffb739a0000 - 0x00007ffb73aa1000 	C:\WINDOWS\system32\opengl32.dll
0x00007ffb7b170000 - 0x00007ffb7b19d000 	C:\WINDOWS\SYSTEM32\GLU32.dll
0x00007ffb9ed90000 - 0x00007ffb9edc8000 	C:\WINDOWS\SYSTEM32\dxcore.dll
0x00007ffba4500000 - 0x00007ffba461e000 	C:\WINDOWS\System32\MSCTF.dll
0x00007ffba3b30000 - 0x00007ffba3cca000 	C:\WINDOWS\System32\ole32.dll
0x00007ffb752f0000 - 0x00007ffb75379000 	C:\Program Files\Java\jdk-17.0.2\bin\freetype.dll
0x00007ffb629f0000 - 0x00007ffb62a98000 	C:\Program Files\Java\jdk-17.0.2\bin\fontmanager.dll
0x00007ffb73200000 - 0x00007ffb7332d000 	C:\WINDOWS\SYSTEM32\textinputframework.dll
0x00007ffb82670000 - 0x00007ffb826d9000 	C:\WINDOWS\system32\Oleacc.dll
0x00007ffb9e900000 - 0x00007ffb9ea32000 	C:\WINDOWS\SYSTEM32\CoreMessaging.dll
0x00007ffb986b0000 - 0x00007ffb98a1d000 	C:\WINDOWS\SYSTEM32\CoreUIComponents.dll
0x00007ffba16b0000 - 0x00007ffba16bc000 	C:\WINDOWS\SYSTEM32\CRYPTBASE.DLL
0x00007ffb6c4d0000 - 0x00007ffb6c57e000 	C:\WINDOWS\SYSTEM32\TextShaping.dll
0x00007ffba2b40000 - 0x00007ffba2bef000 	C:\WINDOWS\System32\clbcatq.dll
0x00007ffb973c0000 - 0x00007ffb9756e000 	C:\WINDOWS\SYSTEM32\WindowsCodecs.dll
0x00007ffb722c0000 - 0x00007ffb7231d000 	C:\WINDOWS\system32\dataexchange.dll
0x00007ffb95ec0000 - 0x00007ffb96126000 	C:\WINDOWS\system32\twinapi.appcore.dll

dbghelp: loaded successfully - version: 4.0.5 - missing functions: none
symbol engine: initialized successfully - sym options: 0x614 - pdb path: .;C:\Program Files\Java\jdk-17.0.2\bin;C:\WINDOWS\SYSTEM32;C:\WINDOWS\WinSxS\amd64_microsoft.windows.common-controls_6595b64144ccf1df_6.0.22000.120_none_9d947278b86cc467;C:\Program Files\Java\jdk-17.0.2\bin\server

VM Arguments:
java_command: GUItester
java_class_path (initial): .;postgresql-42.2.8.jar
Launcher Type: SUN_STANDARD

[Global flags]
     intx CICompilerCount                          = 4                                         {product} {ergonomic}
     uint ConcGCThreads                            = 3                                         {product} {ergonomic}
     uint G1ConcRefinementThreads                  = 10                                        {product} {ergonomic}
   size_t G1HeapRegionSize                         = 2097152                                   {product} {ergonomic}
    uintx GCDrainStackTargetSize                   = 64                                        {product} {ergonomic}
   size_t InitialHeapSize                          = 264241152                                 {product} {ergonomic}
   size_t MarkStackSize                            = 4194304                                   {product} {ergonomic}
   size_t MaxHeapSize                              = 4225761280                                {product} {ergonomic}
   size_t MaxNewSize                               = 2535456768                                {product} {ergonomic}
   size_t MinHeapDeltaBytes                        = 2097152                                   {product} {ergonomic}
   size_t MinHeapSize                              = 8388608                                   {product} {ergonomic}
    uintx NonNMethodCodeHeapSize                   = 5839372                                {pd product} {ergonomic}
    uintx NonProfiledCodeHeapSize                  = 122909434                              {pd product} {ergonomic}
    uintx ProfiledCodeHeapSize                     = 122909434                              {pd product} {ergonomic}
    uintx ReservedCodeCacheSize                    = 251658240                              {pd product} {ergonomic}
     bool SegmentedCodeCache                       = true                                      {product} {ergonomic}
   size_t SoftMaxHeapSize                          = 4225761280                             {manageable} {ergonomic}
     bool UseCompressedClassPointers               = true                           {product lp64_product} {ergonomic}
     bool UseCompressedOops                        = true                           {product lp64_product} {ergonomic}
     bool UseG1GC                                  = true                                      {product} {ergonomic}
     bool UseLargePagesIndividualAllocation        = false                                  {pd product} {ergonomic}

Logging:
Log output configuration:
 #0: stdout all=warning uptime,level,tags
 #1: stderr all=off uptime,level,tags

Environment Variables:
JAVA_HOME=C:\Program Files\Java\jdk-17.0.2
PATH=C:\Program Files\Common Files\Oracle\Java\javapath;C:\Program Files\Java\jdk-17.0.2\bin;C:\Program Files (x86)\VMware\VMware Player\bin\;C:\Windows\system32;C:\Windows;C:\Windows\System32\Wbem;C:\Windows\System32\WindowsPowerShell\v1.0\;C:\Windows\System32\OpenSSH\;C:\Program Files (x86)\NVIDIA Corporation\PhysX\Common;C:\MinGW\bin;C:\WINDOWS\system32;C:\WINDOWS;C:\WINDOWS\System32\Wbem;C:\WINDOWS\System32\WindowsPowerShell\v1.0\;C:\WINDOWS\System32\OpenSSH\;C:\Program Files\Git\cmd;C:\Program Files\PuTTY\;C:\Program Files\Git LFS;C:\Program Files\PostgreSQL\14\bin;C:\texlive\2020\bin\win32;C:\Users\cruzr\AppData\Local\Microsoft\WindowsApps;C:\Users\cruzr\AppData\Local\Programs\Microsoft VS Code\bin;C:\Users\cruzr\AppData\Local\Programs\MiKTeX\miktex\bin\x64\;C:\Users\cruzr\AppData\Local\Microsoft\WindowsApps;
USERNAME=cruzr
OS=Windows_NT
PROCESSOR_IDENTIFIER=Intel64 Family 6 Model 158 Stepping 10, GenuineIntel



---------------  S Y S T E M  ---------------

OS:
 Windows 11 , 64 bit Build 22000 (10.0.22000.434)
OS uptime: 0 days 15:32 hours
Hyper-V role detected

CPU: total 12 (initial active 12) (6 cores per cpu, 2 threads per core) family 6 model 158 stepping 10 microcode 0xea, cx8, cmov, fxsr, ht, mmx, 3dnowpref, sse, sse2, sse3, ssse3, sse4.1, sse4.2, popcnt, lzcnt, tsc, tscinvbit, avx, avx2, aes, erms, clmul, bmi1, bmi2, adx, fma, vzeroupper, clflush, clflushopt, hv

Memory: 4k page, system-wide physical 16118M (4475M free)
TotalPageFile size 16118M (AvailPageFile size 255M)
current process WorkingSet (physical memory assigned to process): 212M, peak: 442M
current process commit charge ("private bytes"): 372M, peak: 637M

vm_info: Java HotSpot(TM) 64-Bit Server VM (17.0.2+8-LTS-86) for windows-amd64 JRE (17.0.2+8-LTS-86), built on Dec  7 2021 21:51:03 by "mach5one" with MS VC++ 16.8 / 16.9 (VS2019)

END.
